[0.240s] Invoking command in '/home/shivam/ros2_arduinobot/build/arduinobot_cpp_examples': CMAKE_PREFIX_PATH=/opt/ros/humble /usr/bin/cmake /home/shivam/ros2_arduinobot/src/arduinobot_cpp_examples -DCMAKE_INSTALL_PREFIX=/home/shivam/ros2_arduinobot/install/arduinobot_cpp_examples
[0.456s] -- The C compiler identification is GNU 11.4.0
[1.125s] -- The CXX compiler identification is GNU 11.4.0
[1.464s] -- Detecting C compiler ABI info
[1.678s] -- Detecting C compiler ABI info - done
[1.686s] -- Check for working C compiler: /usr/bin/cc - skipped
[1.686s] -- Detecting C compile features
[1.687s] -- Detecting C compile features - done
[1.693s] -- Detecting CXX compiler ABI info
[1.873s] -- Detecting CXX compiler ABI info - done
[1.886s] -- Check for working CXX compiler: /usr/bin/c++ - skipped
[1.887s] -- Detecting CXX compile features
[1.888s] -- Detecting CXX compile features - done
[1.890s] -- Found ament_cmake: 1.3.6 (/opt/ros/humble/share/ament_cmake/cmake)
[2.131s] -- Found Python3: /usr/bin/python3.10 (found version "3.10.12") found components: Interpreter 
[2.230s] -- Found rclcpp: 16.0.7 (/opt/ros/humble/share/rclcpp/cmake)
[2.641s] -- Found rosidl_generator_c: 3.1.5 (/opt/ros/humble/share/rosidl_generator_c/cmake)
[2.653s] -- Found rosidl_adapter: 3.1.5 (/opt/ros/humble/share/rosidl_adapter/cmake)
[2.672s] -- Found rosidl_generator_cpp: 3.1.5 (/opt/ros/humble/share/rosidl_generator_cpp/cmake)
[2.701s] -- Using all available rosidl_typesupport_c: rosidl_typesupport_fastrtps_c;rosidl_typesupport_introspection_c
[2.741s] -- Using all available rosidl_typesupport_cpp: rosidl_typesupport_fastrtps_cpp;rosidl_typesupport_introspection_cpp
[2.872s] -- Found rmw_implementation_cmake: 6.1.1 (/opt/ros/humble/share/rmw_implementation_cmake/cmake)
[2.879s] -- Found rmw_fastrtps_cpp: 6.2.5 (/opt/ros/humble/share/rmw_fastrtps_cpp/cmake)
[7.367s] -- Found OpenSSL: /usr/lib/x86_64-linux-gnu/libcrypto.so (found version "3.0.2")  
[12.257s] -- Found FastRTPS: /opt/ros/humble/include  
[17.102s] -- Using RMW implementation 'rmw_fastrtps_cpp' as default
[17.123s] -- Looking for pthread.h
[17.339s] -- Looking for pthread.h - found
[17.340s] -- Performing Test CMAKE_HAVE_LIBC_PTHREAD
[17.585s] -- Performing Test CMAKE_HAVE_LIBC_PTHREAD - Success
[17.589s] -- Found Threads: TRUE  
[17.825s] -- Found ament_lint_auto: 0.12.9 (/opt/ros/humble/share/ament_lint_auto/cmake)
[17.920s] -- Added test 'copyright' to check source files copyright and LICENSE
[17.922s] -- Added test 'cppcheck' to perform static code analysis on C / C++ code
[17.922s] -- Configured cppcheck include dirs: 
[17.922s] -- Configured cppcheck exclude dirs and/or files: 
[17.923s] -- Added test 'cpplint' to check C / C++ code against the Google style
[17.923s] -- Configured cpplint exclude dirs and/or files: 
[17.924s] -- Added test 'lint_cmake' to check CMake code style
[17.925s] -- Added test 'uncrustify' to check C / C++ code style
[17.925s] -- Configured uncrustify additional arguments: 
[17.925s] -- Added test 'xmllint' to check XML markup files
[17.927s] -- Configuring done
[17.938s] -- Generating done
[17.940s] -- Build files have been written to: /home/shivam/ros2_arduinobot/build/arduinobot_cpp_examples
[17.952s] Invoked command in '/home/shivam/ros2_arduinobot/build/arduinobot_cpp_examples' returned '0': CMAKE_PREFIX_PATH=/opt/ros/humble /usr/bin/cmake /home/shivam/ros2_arduinobot/src/arduinobot_cpp_examples -DCMAKE_INSTALL_PREFIX=/home/shivam/ros2_arduinobot/install/arduinobot_cpp_examples
[17.954s] Invoking command in '/home/shivam/ros2_arduinobot/build/arduinobot_cpp_examples': CMAKE_PREFIX_PATH=/opt/ros/humble /usr/bin/cmake --build /home/shivam/ros2_arduinobot/build/arduinobot_cpp_examples -- -j12 -l12
[17.999s] [ 50%] [32mBuilding CXX object CMakeFiles/simple_publisher.dir/src/simple_publisher.cpp.o[0m
[24.421s] [100%] [32m[1mLinking CXX executable simple_publisher[0m
[24.787s] [100%] Built target simple_publisher
[24.801s] Invoked command in '/home/shivam/ros2_arduinobot/build/arduinobot_cpp_examples' returned '0': CMAKE_PREFIX_PATH=/opt/ros/humble /usr/bin/cmake --build /home/shivam/ros2_arduinobot/build/arduinobot_cpp_examples -- -j12 -l12
[24.830s] Invoking command in '/home/shivam/ros2_arduinobot/build/arduinobot_cpp_examples': CMAKE_PREFIX_PATH=/opt/ros/humble /usr/bin/cmake --install /home/shivam/ros2_arduinobot/build/arduinobot_cpp_examples
[24.835s] -- Install configuration: ""
[24.836s] -- Installing: /home/shivam/ros2_arduinobot/install/arduinobot_cpp_examples/lib/arduinobot_cpp_examples/simple_publisher
[24.838s] -- Set runtime path of "/home/shivam/ros2_arduinobot/install/arduinobot_cpp_examples/lib/arduinobot_cpp_examples/simple_publisher" to ""
[24.839s] -- Installing: /home/shivam/ros2_arduinobot/install/arduinobot_cpp_examples/share/ament_index/resource_index/package_run_dependencies/arduinobot_cpp_examples
[24.839s] -- Installing: /home/shivam/ros2_arduinobot/install/arduinobot_cpp_examples/share/ament_index/resource_index/parent_prefix_path/arduinobot_cpp_examples
[24.840s] -- Installing: /home/shivam/ros2_arduinobot/install/arduinobot_cpp_examples/share/arduinobot_cpp_examples/environment/ament_prefix_path.sh
[24.840s] -- Installing: /home/shivam/ros2_arduinobot/install/arduinobot_cpp_examples/share/arduinobot_cpp_examples/environment/ament_prefix_path.dsv
[24.840s] -- Installing: /home/shivam/ros2_arduinobot/install/arduinobot_cpp_examples/share/arduinobot_cpp_examples/environment/path.sh
[24.841s] -- Installing: /home/shivam/ros2_arduinobot/install/arduinobot_cpp_examples/share/arduinobot_cpp_examples/environment/path.dsv
[24.841s] -- Installing: /home/shivam/ros2_arduinobot/install/arduinobot_cpp_examples/share/arduinobot_cpp_examples/local_setup.bash
[24.841s] -- Installing: /home/shivam/ros2_arduinobot/install/arduinobot_cpp_examples/share/arduinobot_cpp_examples/local_setup.sh
[24.841s] -- Installing: /home/shivam/ros2_arduinobot/install/arduinobot_cpp_examples/share/arduinobot_cpp_examples/local_setup.zsh
[24.841s] -- Installing: /home/shivam/ros2_arduinobot/install/arduinobot_cpp_examples/share/arduinobot_cpp_examples/local_setup.dsv
[24.841s] -- Installing: /home/shivam/ros2_arduinobot/install/arduinobot_cpp_examples/share/arduinobot_cpp_examples/package.dsv
[24.842s] -- Installing: /home/shivam/ros2_arduinobot/install/arduinobot_cpp_examples/share/ament_index/resource_index/packages/arduinobot_cpp_examples
[24.842s] -- Installing: /home/shivam/ros2_arduinobot/install/arduinobot_cpp_examples/share/arduinobot_cpp_examples/cmake/arduinobot_cpp_examplesConfig.cmake
[24.842s] -- Installing: /home/shivam/ros2_arduinobot/install/arduinobot_cpp_examples/share/arduinobot_cpp_examples/cmake/arduinobot_cpp_examplesConfig-version.cmake
[24.842s] -- Installing: /home/shivam/ros2_arduinobot/install/arduinobot_cpp_examples/share/arduinobot_cpp_examples/package.xml
[24.844s] Invoked command in '/home/shivam/ros2_arduinobot/build/arduinobot_cpp_examples' returned '0': CMAKE_PREFIX_PATH=/opt/ros/humble /usr/bin/cmake --install /home/shivam/ros2_arduinobot/build/arduinobot_cpp_examples
