[1.342s] DEBUG:colcon:Command line arguments: ['/usr/bin/colcon', 'build']
[1.342s] DEBUG:colcon:Parsed command line arguments: Namespace(allow_overriding=[], ament_cmake_args=None, base_paths=['.'], build_base='build', catkin_cmake_args=None, catkin_skip_building_tests=False, cmake_args=None, cmake_clean_cache=False, cmake_clean_first=False, cmake_force_configure=False, cmake_target=None, cmake_target_skip_unavailable=False, continue_on_error=False, event_handlers=None, executor='parallel', ignore_user_meta=False, install_base='install', log_base=None, log_level=None, main=<bound method BuildVerb.main of <colcon_core.verb.build.BuildVerb object at 0x7f4842b9fa90>>, merge_install=False, metas=['./colcon.meta'], packages_above=None, packages_above_and_dependencies=None, packages_above_depth=None, packages_end=None, packages_ignore=None, packages_ignore_regex=None, packages_select=None, packages_select_build_failed=False, packages_select_by_dep=None, packages_select_regex=None, packages_select_test_failures=False, packages_skip=None, packages_skip_build_finished=False, packages_skip_by_dep=None, packages_skip_regex=None, packages_skip_test_passed=False, packages_skip_up_to=None, packages_start=None, packages_up_to=None, packages_up_to_regex=None, parallel_workers=8, paths=None, symlink_install=False, test_result_base=None, verb_extension=<colcon_core.verb.build.BuildVerb object at 0x7f4842b9fa90>, verb_name='build', verb_parser=<colcon_defaults.argument_parser.defaults.DefaultArgumentsDecorator object at 0x7f48428854c0>)
[1.401s] Level 1:colcon.colcon_core.package_discovery:discover_packages(colcon_meta) check parameters
[1.402s] Level 1:colcon.colcon_core.package_discovery:discover_packages(recursive) check parameters
[1.402s] Level 1:colcon.colcon_core.package_discovery:discover_packages(ignore) check parameters
[1.402s] Level 1:colcon.colcon_core.package_discovery:discover_packages(path) check parameters
[1.402s] Level 1:colcon.colcon_core.package_discovery:discover_packages(colcon_meta) discover
[1.402s] Level 1:colcon.colcon_core.package_discovery:discover_packages(recursive) discover
[1.402s] INFO:colcon.colcon_core.package_discovery:Crawling recursively for packages in '/home/august/arduinobot_ws'
[1.402s] Level 1:colcon.colcon_core.package_identification:_identify(.) by extensions ['ignore', 'ignore_ament_install']
[1.402s] Level 1:colcon.colcon_core.package_identification:_identify(.) by extension 'ignore'
[1.402s] Level 1:colcon.colcon_core.package_identification:_identify(.) by extension 'ignore_ament_install'
[1.402s] Level 1:colcon.colcon_core.package_identification:_identify(.) by extensions ['colcon_pkg']
[1.402s] Level 1:colcon.colcon_core.package_identification:_identify(.) by extension 'colcon_pkg'
[1.402s] Level 1:colcon.colcon_core.package_identification:_identify(.) by extensions ['colcon_meta']
[1.402s] Level 1:colcon.colcon_core.package_identification:_identify(.) by extension 'colcon_meta'
[1.402s] Level 1:colcon.colcon_core.package_identification:_identify(.) by extensions ['ros']
[1.402s] Level 1:colcon.colcon_core.package_identification:_identify(.) by extension 'ros'
[1.410s] Level 1:colcon.colcon_core.package_identification:_identify(.) by extensions ['cmake', 'python']
[1.410s] Level 1:colcon.colcon_core.package_identification:_identify(.) by extension 'cmake'
[1.410s] Level 1:colcon.colcon_core.package_identification:_identify(.) by extension 'python'
[1.410s] Level 1:colcon.colcon_core.package_identification:_identify(.) by extensions ['python_setup_py']
[1.410s] Level 1:colcon.colcon_core.package_identification:_identify(.) by extension 'python_setup_py'
[1.410s] Level 1:colcon.colcon_core.package_identification:_identify(build) by extensions ['ignore', 'ignore_ament_install']
[1.410s] Level 1:colcon.colcon_core.package_identification:_identify(build) by extension 'ignore'
[1.410s] Level 1:colcon.colcon_core.package_identification:_identify(build) ignored
[1.410s] Level 1:colcon.colcon_core.package_identification:_identify(install) by extensions ['ignore', 'ignore_ament_install']
[1.410s] Level 1:colcon.colcon_core.package_identification:_identify(install) by extension 'ignore'
[1.411s] Level 1:colcon.colcon_core.package_identification:_identify(install) ignored
[1.411s] Level 1:colcon.colcon_core.package_identification:_identify(log) by extensions ['ignore', 'ignore_ament_install']
[1.411s] Level 1:colcon.colcon_core.package_identification:_identify(log) by extension 'ignore'
[1.411s] Level 1:colcon.colcon_core.package_identification:_identify(log) ignored
[1.411s] Level 1:colcon.colcon_core.package_identification:_identify(src) by extensions ['ignore', 'ignore_ament_install']
[1.411s] Level 1:colcon.colcon_core.package_identification:_identify(src) by extension 'ignore'
[1.411s] Level 1:colcon.colcon_core.package_identification:_identify(src) by extension 'ignore_ament_install'
[1.411s] Level 1:colcon.colcon_core.package_identification:_identify(src) by extensions ['colcon_pkg']
[1.411s] Level 1:colcon.colcon_core.package_identification:_identify(src) by extension 'colcon_pkg'
[1.411s] Level 1:colcon.colcon_core.package_identification:_identify(src) by extensions ['colcon_meta']
[1.411s] Level 1:colcon.colcon_core.package_identification:_identify(src) by extension 'colcon_meta'
[1.411s] Level 1:colcon.colcon_core.package_identification:_identify(src) by extensions ['ros']
[1.411s] Level 1:colcon.colcon_core.package_identification:_identify(src) by extension 'ros'
[1.411s] Level 1:colcon.colcon_core.package_identification:_identify(src) by extensions ['cmake', 'python']
[1.411s] Level 1:colcon.colcon_core.package_identification:_identify(src) by extension 'cmake'
[1.411s] Level 1:colcon.colcon_core.package_identification:_identify(src) by extension 'python'
[1.411s] Level 1:colcon.colcon_core.package_identification:_identify(src) by extensions ['python_setup_py']
[1.411s] Level 1:colcon.colcon_core.package_identification:_identify(src) by extension 'python_setup_py'
[1.411s] Level 1:colcon.colcon_core.package_identification:_identify(src/arduinobot_cpp_examples) by extensions ['ignore', 'ignore_ament_install']
[1.411s] Level 1:colcon.colcon_core.package_identification:_identify(src/arduinobot_cpp_examples) by extension 'ignore'
[1.411s] Level 1:colcon.colcon_core.package_identification:_identify(src/arduinobot_cpp_examples) by extension 'ignore_ament_install'
[1.411s] Level 1:colcon.colcon_core.package_identification:_identify(src/arduinobot_cpp_examples) by extensions ['colcon_pkg']
[1.411s] Level 1:colcon.colcon_core.package_identification:_identify(src/arduinobot_cpp_examples) by extension 'colcon_pkg'
[1.411s] Level 1:colcon.colcon_core.package_identification:_identify(src/arduinobot_cpp_examples) by extensions ['colcon_meta']
[1.411s] Level 1:colcon.colcon_core.package_identification:_identify(src/arduinobot_cpp_examples) by extension 'colcon_meta'
[1.411s] Level 1:colcon.colcon_core.package_identification:_identify(src/arduinobot_cpp_examples) by extensions ['ros']
[1.411s] Level 1:colcon.colcon_core.package_identification:_identify(src/arduinobot_cpp_examples) by extension 'ros'
[1.413s] DEBUG:colcon.colcon_core.package_identification:Package 'src/arduinobot_cpp_examples' with type 'ros.ament_cmake' and name 'arduinobot_cpp_examples'
[1.413s] Level 1:colcon.colcon_core.package_identification:_identify(src/arduinobot_description) by extensions ['ignore', 'ignore_ament_install']
[1.413s] Level 1:colcon.colcon_core.package_identification:_identify(src/arduinobot_description) by extension 'ignore'
[1.413s] Level 1:colcon.colcon_core.package_identification:_identify(src/arduinobot_description) by extension 'ignore_ament_install'
[1.413s] Level 1:colcon.colcon_core.package_identification:_identify(src/arduinobot_description) by extensions ['colcon_pkg']
[1.413s] Level 1:colcon.colcon_core.package_identification:_identify(src/arduinobot_description) by extension 'colcon_pkg'
[1.413s] Level 1:colcon.colcon_core.package_identification:_identify(src/arduinobot_description) by extensions ['colcon_meta']
[1.413s] Level 1:colcon.colcon_core.package_identification:_identify(src/arduinobot_description) by extension 'colcon_meta'
[1.413s] Level 1:colcon.colcon_core.package_identification:_identify(src/arduinobot_description) by extensions ['ros']
[1.413s] Level 1:colcon.colcon_core.package_identification:_identify(src/arduinobot_description) by extension 'ros'
[1.414s] DEBUG:colcon.colcon_core.package_identification:Package 'src/arduinobot_description' with type 'ros.ament_cmake' and name 'arduinobot_description'
[1.414s] Level 1:colcon.colcon_core.package_identification:_identify(src/arduinobot_py_examples) by extensions ['ignore', 'ignore_ament_install']
[1.414s] Level 1:colcon.colcon_core.package_identification:_identify(src/arduinobot_py_examples) by extension 'ignore'
[1.414s] Level 1:colcon.colcon_core.package_identification:_identify(src/arduinobot_py_examples) by extension 'ignore_ament_install'
[1.414s] Level 1:colcon.colcon_core.package_identification:_identify(src/arduinobot_py_examples) by extensions ['colcon_pkg']
[1.414s] Level 1:colcon.colcon_core.package_identification:_identify(src/arduinobot_py_examples) by extension 'colcon_pkg'
[1.414s] Level 1:colcon.colcon_core.package_identification:_identify(src/arduinobot_py_examples) by extensions ['colcon_meta']
[1.414s] Level 1:colcon.colcon_core.package_identification:_identify(src/arduinobot_py_examples) by extension 'colcon_meta'
[1.414s] Level 1:colcon.colcon_core.package_identification:_identify(src/arduinobot_py_examples) by extensions ['ros']
[1.414s] Level 1:colcon.colcon_core.package_identification:_identify(src/arduinobot_py_examples) by extension 'ros'
[1.414s] DEBUG:colcon.colcon_core.package_identification:Package 'src/arduinobot_py_examples' with type 'ros.ament_python' and name 'arduinobot_py_examples'
[1.415s] Level 1:colcon.colcon_core.package_discovery:discover_packages(recursive) using defaults
[1.415s] Level 1:colcon.colcon_core.package_discovery:discover_packages(ignore) discover
[1.415s] Level 1:colcon.colcon_core.package_discovery:discover_packages(ignore) using defaults
[1.415s] Level 1:colcon.colcon_core.package_discovery:discover_packages(path) discover
[1.415s] Level 1:colcon.colcon_core.package_discovery:discover_packages(path) using defaults
[1.547s] Level 1:colcon.colcon_core.package_discovery:discover_packages(prefix_path) check parameters
[1.547s] Level 1:colcon.colcon_core.package_discovery:discover_packages(prefix_path) discover
[1.594s] DEBUG:colcon.colcon_installed_package_information.package_discovery:Found 324 installed packages in /opt/ros/foxy
[1.596s] Level 1:colcon.colcon_core.package_discovery:discover_packages(prefix_path) using defaults
[1.690s] Level 5:colcon.colcon_core.verb:set package 'arduinobot_cpp_examples' build argument 'cmake_args' from command line to 'None'
[1.690s] Level 5:colcon.colcon_core.verb:set package 'arduinobot_cpp_examples' build argument 'cmake_target' from command line to 'None'
[1.690s] Level 5:colcon.colcon_core.verb:set package 'arduinobot_cpp_examples' build argument 'cmake_target_skip_unavailable' from command line to 'False'
[1.690s] Level 5:colcon.colcon_core.verb:set package 'arduinobot_cpp_examples' build argument 'cmake_clean_cache' from command line to 'False'
[1.690s] Level 5:colcon.colcon_core.verb:set package 'arduinobot_cpp_examples' build argument 'cmake_clean_first' from command line to 'False'
[1.690s] Level 5:colcon.colcon_core.verb:set package 'arduinobot_cpp_examples' build argument 'cmake_force_configure' from command line to 'False'
[1.690s] Level 5:colcon.colcon_core.verb:set package 'arduinobot_cpp_examples' build argument 'ament_cmake_args' from command line to 'None'
[1.690s] Level 5:colcon.colcon_core.verb:set package 'arduinobot_cpp_examples' build argument 'catkin_cmake_args' from command line to 'None'
[1.690s] Level 5:colcon.colcon_core.verb:set package 'arduinobot_cpp_examples' build argument 'catkin_skip_building_tests' from command line to 'False'
[1.690s] DEBUG:colcon.colcon_core.verb:Building package 'arduinobot_cpp_examples' with the following arguments: {'ament_cmake_args': None, 'build_base': '/home/august/arduinobot_ws/build/arduinobot_cpp_examples', 'catkin_cmake_args': None, 'catkin_skip_building_tests': False, 'cmake_args': None, 'cmake_clean_cache': False, 'cmake_clean_first': False, 'cmake_force_configure': False, 'cmake_target': None, 'cmake_target_skip_unavailable': False, 'install_base': '/home/august/arduinobot_ws/install/arduinobot_cpp_examples', 'merge_install': False, 'path': '/home/august/arduinobot_ws/src/arduinobot_cpp_examples', 'symlink_install': False, 'test_result_base': None}
[1.712s] Level 5:colcon.colcon_core.verb:set package 'arduinobot_description' build argument 'cmake_args' from command line to 'None'
[1.712s] Level 5:colcon.colcon_core.verb:set package 'arduinobot_description' build argument 'cmake_target' from command line to 'None'
[1.712s] Level 5:colcon.colcon_core.verb:set package 'arduinobot_description' build argument 'cmake_target_skip_unavailable' from command line to 'False'
[1.712s] Level 5:colcon.colcon_core.verb:set package 'arduinobot_description' build argument 'cmake_clean_cache' from command line to 'False'
[1.712s] Level 5:colcon.colcon_core.verb:set package 'arduinobot_description' build argument 'cmake_clean_first' from command line to 'False'
[1.712s] Level 5:colcon.colcon_core.verb:set package 'arduinobot_description' build argument 'cmake_force_configure' from command line to 'False'
[1.712s] Level 5:colcon.colcon_core.verb:set package 'arduinobot_description' build argument 'ament_cmake_args' from command line to 'None'
[1.712s] Level 5:colcon.colcon_core.verb:set package 'arduinobot_description' build argument 'catkin_cmake_args' from command line to 'None'
[1.712s] Level 5:colcon.colcon_core.verb:set package 'arduinobot_description' build argument 'catkin_skip_building_tests' from command line to 'False'
[1.712s] DEBUG:colcon.colcon_core.verb:Building package 'arduinobot_description' with the following arguments: {'ament_cmake_args': None, 'build_base': '/home/august/arduinobot_ws/build/arduinobot_description', 'catkin_cmake_args': None, 'catkin_skip_building_tests': False, 'cmake_args': None, 'cmake_clean_cache': False, 'cmake_clean_first': False, 'cmake_force_configure': False, 'cmake_target': None, 'cmake_target_skip_unavailable': False, 'install_base': '/home/august/arduinobot_ws/install/arduinobot_description', 'merge_install': False, 'path': '/home/august/arduinobot_ws/src/arduinobot_description', 'symlink_install': False, 'test_result_base': None}
[1.735s] Level 5:colcon.colcon_core.verb:set package 'arduinobot_py_examples' build argument 'cmake_args' from command line to 'None'
[1.736s] Level 5:colcon.colcon_core.verb:set package 'arduinobot_py_examples' build argument 'cmake_target' from command line to 'None'
[1.736s] Level 5:colcon.colcon_core.verb:set package 'arduinobot_py_examples' build argument 'cmake_target_skip_unavailable' from command line to 'False'
[1.736s] Level 5:colcon.colcon_core.verb:set package 'arduinobot_py_examples' build argument 'cmake_clean_cache' from command line to 'False'
[1.736s] Level 5:colcon.colcon_core.verb:set package 'arduinobot_py_examples' build argument 'cmake_clean_first' from command line to 'False'
[1.736s] Level 5:colcon.colcon_core.verb:set package 'arduinobot_py_examples' build argument 'cmake_force_configure' from command line to 'False'
[1.736s] Level 5:colcon.colcon_core.verb:set package 'arduinobot_py_examples' build argument 'ament_cmake_args' from command line to 'None'
[1.736s] Level 5:colcon.colcon_core.verb:set package 'arduinobot_py_examples' build argument 'catkin_cmake_args' from command line to 'None'
[1.736s] Level 5:colcon.colcon_core.verb:set package 'arduinobot_py_examples' build argument 'catkin_skip_building_tests' from command line to 'False'
[1.736s] DEBUG:colcon.colcon_core.verb:Building package 'arduinobot_py_examples' with the following arguments: {'ament_cmake_args': None, 'build_base': '/home/august/arduinobot_ws/build/arduinobot_py_examples', 'catkin_cmake_args': None, 'catkin_skip_building_tests': False, 'cmake_args': None, 'cmake_clean_cache': False, 'cmake_clean_first': False, 'cmake_force_configure': False, 'cmake_target': None, 'cmake_target_skip_unavailable': False, 'install_base': '/home/august/arduinobot_ws/install/arduinobot_py_examples', 'merge_install': False, 'path': '/home/august/arduinobot_ws/src/arduinobot_py_examples', 'symlink_install': False, 'test_result_base': None}
[1.760s] INFO:colcon.colcon_core.executor:Executing jobs using 'parallel' executor
[1.793s] DEBUG:colcon.colcon_parallel_executor.executor.parallel:run_until_complete
[1.793s] INFO:colcon.colcon_ros.task.ament_cmake.build:Building ROS package in '/home/august/arduinobot_ws/src/arduinobot_cpp_examples' with build type 'ament_cmake'
[1.794s] INFO:colcon.colcon_cmake.task.cmake.build:Building CMake package in '/home/august/arduinobot_ws/src/arduinobot_cpp_examples'
[1.818s] INFO:colcon.colcon_core.plugin_system:Skipping extension 'colcon_core.shell.bat': Not used on non-Windows systems
[1.819s] INFO:colcon.colcon_core.shell:Skip shell extension 'powershell' for command environment: Not usable outside of PowerShell
[1.819s] DEBUG:colcon.colcon_core.shell:Skip shell extension 'dsv' for command environment
[1.868s] INFO:colcon.colcon_ros.task.ament_cmake.build:Building ROS package in '/home/august/arduinobot_ws/src/arduinobot_description' with build type 'ament_cmake'
[1.868s] INFO:colcon.colcon_cmake.task.cmake.build:Building CMake package in '/home/august/arduinobot_ws/src/arduinobot_description'
[1.894s] INFO:colcon.colcon_core.shell:Skip shell extension 'powershell' for command environment: Not usable outside of PowerShell
[1.894s] DEBUG:colcon.colcon_core.shell:Skip shell extension 'dsv' for command environment
[1.945s] INFO:colcon.colcon_ros.task.ament_python.build:Building ROS package in '/home/august/arduinobot_ws/src/arduinobot_py_examples' with build type 'ament_python'
[1.945s] Level 1:colcon.colcon_core.shell:create_environment_hook('arduinobot_py_examples', 'ament_prefix_path')
[1.975s] INFO:colcon.colcon_core.shell:Creating environment hook '/home/august/arduinobot_ws/install/arduinobot_py_examples/share/arduinobot_py_examples/hook/ament_prefix_path.ps1'
[1.975s] INFO:colcon.colcon_core.shell:Creating environment descriptor '/home/august/arduinobot_ws/install/arduinobot_py_examples/share/arduinobot_py_examples/hook/ament_prefix_path.dsv'
[1.976s] INFO:colcon.colcon_core.shell:Creating environment hook '/home/august/arduinobot_ws/install/arduinobot_py_examples/share/arduinobot_py_examples/hook/ament_prefix_path.sh'
[2.003s] INFO:colcon.colcon_core.shell:Skip shell extension 'powershell' for command environment: Not usable outside of PowerShell
[2.003s] DEBUG:colcon.colcon_core.shell:Skip shell extension 'dsv' for command environment
[2.067s] DEBUG:colcon.colcon_core.event_handler.log_command:Invoking command in '/home/august/arduinobot_ws/build/arduinobot_cpp_examples': CMAKE_PREFIX_PATH=/opt/ros/foxy /usr/bin/cmake --build /home/august/arduinobot_ws/build/arduinobot_cpp_examples -- -j8 -l8
[2.076s] DEBUG:colcon.colcon_core.event_handler.log_command:Invoking command in '/home/august/arduinobot_ws/build/arduinobot_description': CMAKE_PREFIX_PATH=/opt/ros/foxy /usr/bin/cmake --build /home/august/arduinobot_ws/build/arduinobot_description -- -j8 -l8
[2.233s] INFO:colcon.colcon_core.task.python.build:Building Python package in '/home/august/arduinobot_ws/src/arduinobot_py_examples'
[2.257s] INFO:colcon.colcon_core.shell:Skip shell extension 'powershell' for command environment: Not usable outside of PowerShell
[2.257s] DEBUG:colcon.colcon_core.shell:Skip shell extension 'dsv' for command environment
[2.308s] DEBUG:colcon.colcon_core.event_handler.log_command:Invoked command in '/home/august/arduinobot_ws/build/arduinobot_description' returned '0': CMAKE_PREFIX_PATH=/opt/ros/foxy /usr/bin/cmake --build /home/august/arduinobot_ws/build/arduinobot_description -- -j8 -l8
[2.311s] DEBUG:colcon.colcon_core.event_handler.log_command:Invoked command in '/home/august/arduinobot_ws/build/arduinobot_cpp_examples' returned '0': CMAKE_PREFIX_PATH=/opt/ros/foxy /usr/bin/cmake --build /home/august/arduinobot_ws/build/arduinobot_cpp_examples -- -j8 -l8
[2.338s] DEBUG:colcon.colcon_core.event_handler.log_command:Invoking command in '/home/august/arduinobot_ws/build/arduinobot_description': CMAKE_PREFIX_PATH=/opt/ros/foxy /usr/bin/cmake --install /home/august/arduinobot_ws/build/arduinobot_description
[2.342s] DEBUG:colcon.colcon_core.event_handler.log_command:Invoking command in '/home/august/arduinobot_ws/build/arduinobot_cpp_examples': CMAKE_PREFIX_PATH=/opt/ros/foxy /usr/bin/cmake --install /home/august/arduinobot_ws/build/arduinobot_cpp_examples
[2.347s] Level 1:colcon.colcon_core.environment:create_environment_scripts_only(arduinobot_description)
[2.348s] DEBUG:colcon.colcon_core.event_handler.log_command:Invoked command in '/home/august/arduinobot_ws/build/arduinobot_description' returned '0': CMAKE_PREFIX_PATH=/opt/ros/foxy /usr/bin/cmake --install /home/august/arduinobot_ws/build/arduinobot_description
[2.379s] Level 1:colcon.colcon_core.environment:checking '/home/august/arduinobot_ws/install/arduinobot_description' for CMake module files
[2.380s] Level 1:colcon.colcon_core.environment:checking '/home/august/arduinobot_ws/install/arduinobot_description' for CMake config files
[2.380s] Level 1:colcon.colcon_core.shell:create_environment_hook('arduinobot_description', 'cmake_prefix_path')
[2.404s] INFO:colcon.colcon_core.shell:Creating environment hook '/home/august/arduinobot_ws/install/arduinobot_description/share/arduinobot_description/hook/cmake_prefix_path.ps1'
[2.405s] INFO:colcon.colcon_core.shell:Creating environment descriptor '/home/august/arduinobot_ws/install/arduinobot_description/share/arduinobot_description/hook/cmake_prefix_path.dsv'
[2.405s] INFO:colcon.colcon_core.shell:Creating environment hook '/home/august/arduinobot_ws/install/arduinobot_description/share/arduinobot_description/hook/cmake_prefix_path.sh'
[2.406s] Level 1:colcon.colcon_core.environment:checking '/home/august/arduinobot_ws/install/arduinobot_description/bin'
[2.406s] Level 1:colcon.colcon_core.environment:checking '/home/august/arduinobot_ws/install/arduinobot_description/lib/pkgconfig/arduinobot_description.pc'
[2.406s] Level 1:colcon.colcon_core.environment:checking '/home/august/arduinobot_ws/install/arduinobot_description/lib/python3.8/site-packages'
[2.406s] Level 1:colcon.colcon_core.environment:checking '/home/august/arduinobot_ws/install/arduinobot_description/bin'
[2.430s] INFO:colcon.colcon_core.shell:Creating package script '/home/august/arduinobot_ws/install/arduinobot_description/share/arduinobot_description/package.ps1'
[2.430s] INFO:colcon.colcon_core.shell:Creating package descriptor '/home/august/arduinobot_ws/install/arduinobot_description/share/arduinobot_description/package.dsv'
[2.431s] INFO:colcon.colcon_core.shell:Creating package script '/home/august/arduinobot_ws/install/arduinobot_description/share/arduinobot_description/package.sh'
[2.431s] INFO:colcon.colcon_core.shell:Creating package script '/home/august/arduinobot_ws/install/arduinobot_description/share/arduinobot_description/package.bash'
[2.432s] INFO:colcon.colcon_core.shell:Creating package script '/home/august/arduinobot_ws/install/arduinobot_description/share/arduinobot_description/package.zsh'
[2.432s] Level 1:colcon.colcon_core.environment:create_file_with_runtime_dependencies(/home/august/arduinobot_ws/install/arduinobot_description/share/colcon-core/packages/arduinobot_description)
[2.436s] Level 1:colcon.colcon_core.environment:create_environment_scripts_only(arduinobot_cpp_examples)
[2.436s] DEBUG:colcon.colcon_core.event_handler.log_command:Invoked command in '/home/august/arduinobot_ws/build/arduinobot_cpp_examples' returned '0': CMAKE_PREFIX_PATH=/opt/ros/foxy /usr/bin/cmake --install /home/august/arduinobot_ws/build/arduinobot_cpp_examples
[2.462s] Level 1:colcon.colcon_core.environment:checking '/home/august/arduinobot_ws/install/arduinobot_cpp_examples' for CMake module files
[2.463s] Level 1:colcon.colcon_core.environment:checking '/home/august/arduinobot_ws/install/arduinobot_cpp_examples' for CMake config files
[2.463s] Level 1:colcon.colcon_core.shell:create_environment_hook('arduinobot_cpp_examples', 'cmake_prefix_path')
[2.488s] INFO:colcon.colcon_core.shell:Creating environment hook '/home/august/arduinobot_ws/install/arduinobot_cpp_examples/share/arduinobot_cpp_examples/hook/cmake_prefix_path.ps1'
[2.488s] INFO:colcon.colcon_core.shell:Creating environment descriptor '/home/august/arduinobot_ws/install/arduinobot_cpp_examples/share/arduinobot_cpp_examples/hook/cmake_prefix_path.dsv'
[2.489s] INFO:colcon.colcon_core.shell:Creating environment hook '/home/august/arduinobot_ws/install/arduinobot_cpp_examples/share/arduinobot_cpp_examples/hook/cmake_prefix_path.sh'
[2.489s] Level 1:colcon.colcon_core.environment:checking '/home/august/arduinobot_ws/install/arduinobot_cpp_examples/lib'
[2.489s] Level 1:colcon.colcon_core.environment:checking '/home/august/arduinobot_ws/install/arduinobot_cpp_examples/bin'
[2.489s] Level 1:colcon.colcon_core.environment:checking '/home/august/arduinobot_ws/install/arduinobot_cpp_examples/lib/pkgconfig/arduinobot_cpp_examples.pc'
[2.490s] Level 1:colcon.colcon_core.environment:checking '/home/august/arduinobot_ws/install/arduinobot_cpp_examples/lib/python3.8/site-packages'
[2.490s] Level 1:colcon.colcon_core.environment:checking '/home/august/arduinobot_ws/install/arduinobot_cpp_examples/bin'
[2.513s] INFO:colcon.colcon_core.shell:Creating package script '/home/august/arduinobot_ws/install/arduinobot_cpp_examples/share/arduinobot_cpp_examples/package.ps1'
[2.514s] INFO:colcon.colcon_core.shell:Creating package descriptor '/home/august/arduinobot_ws/install/arduinobot_cpp_examples/share/arduinobot_cpp_examples/package.dsv'
[2.514s] INFO:colcon.colcon_core.shell:Creating package script '/home/august/arduinobot_ws/install/arduinobot_cpp_examples/share/arduinobot_cpp_examples/package.sh'
[2.515s] INFO:colcon.colcon_core.shell:Creating package script '/home/august/arduinobot_ws/install/arduinobot_cpp_examples/share/arduinobot_cpp_examples/package.bash'
[2.515s] INFO:colcon.colcon_core.shell:Creating package script '/home/august/arduinobot_ws/install/arduinobot_cpp_examples/share/arduinobot_cpp_examples/package.zsh'
[2.515s] Level 1:colcon.colcon_core.environment:create_file_with_runtime_dependencies(/home/august/arduinobot_ws/install/arduinobot_cpp_examples/share/colcon-core/packages/arduinobot_cpp_examples)
[2.546s] Level 1:colcon.colcon_core.environment:create_environment_scripts_only(arduinobot_description)
[2.572s] Level 1:colcon.colcon_core.environment:checking '/home/august/arduinobot_ws/install/arduinobot_description' for CMake module files
[2.572s] Level 1:colcon.colcon_core.environment:checking '/home/august/arduinobot_ws/install/arduinobot_description' for CMake config files
[2.573s] Level 1:colcon.colcon_core.shell:create_environment_hook('arduinobot_description', 'cmake_prefix_path')
[2.597s] INFO:colcon.colcon_core.shell:Creating environment hook '/home/august/arduinobot_ws/install/arduinobot_description/share/arduinobot_description/hook/cmake_prefix_path.ps1'
[2.597s] INFO:colcon.colcon_core.shell:Creating environment descriptor '/home/august/arduinobot_ws/install/arduinobot_description/share/arduinobot_description/hook/cmake_prefix_path.dsv'
[2.598s] INFO:colcon.colcon_core.shell:Creating environment hook '/home/august/arduinobot_ws/install/arduinobot_description/share/arduinobot_description/hook/cmake_prefix_path.sh'
[2.598s] Level 1:colcon.colcon_core.environment:checking '/home/august/arduinobot_ws/install/arduinobot_description/bin'
[2.598s] Level 1:colcon.colcon_core.environment:checking '/home/august/arduinobot_ws/install/arduinobot_description/lib/pkgconfig/arduinobot_description.pc'
[2.599s] Level 1:colcon.colcon_core.environment:checking '/home/august/arduinobot_ws/install/arduinobot_description/lib/python3.8/site-packages'
[2.599s] Level 1:colcon.colcon_core.environment:checking '/home/august/arduinobot_ws/install/arduinobot_description/bin'
[2.623s] INFO:colcon.colcon_core.shell:Creating package script '/home/august/arduinobot_ws/install/arduinobot_description/share/arduinobot_description/package.ps1'
[2.623s] INFO:colcon.colcon_core.shell:Creating package descriptor '/home/august/arduinobot_ws/install/arduinobot_description/share/arduinobot_description/package.dsv'
[2.623s] INFO:colcon.colcon_core.shell:Creating package script '/home/august/arduinobot_ws/install/arduinobot_description/share/arduinobot_description/package.sh'
[2.624s] INFO:colcon.colcon_core.shell:Creating package script '/home/august/arduinobot_ws/install/arduinobot_description/share/arduinobot_description/package.bash'
[2.624s] INFO:colcon.colcon_core.shell:Creating package script '/home/august/arduinobot_ws/install/arduinobot_description/share/arduinobot_description/package.zsh'
[2.624s] Level 1:colcon.colcon_core.environment:create_file_with_runtime_dependencies(/home/august/arduinobot_ws/install/arduinobot_description/share/colcon-core/packages/arduinobot_description)
[2.659s] Level 1:colcon.colcon_core.environment:create_environment_scripts_only(arduinobot_cpp_examples)
[2.682s] Level 1:colcon.colcon_core.environment:checking '/home/august/arduinobot_ws/install/arduinobot_cpp_examples' for CMake module files
[2.682s] Level 1:colcon.colcon_core.environment:checking '/home/august/arduinobot_ws/install/arduinobot_cpp_examples' for CMake config files
[2.682s] Level 1:colcon.colcon_core.shell:create_environment_hook('arduinobot_cpp_examples', 'cmake_prefix_path')
[2.706s] INFO:colcon.colcon_core.shell:Creating environment hook '/home/august/arduinobot_ws/install/arduinobot_cpp_examples/share/arduinobot_cpp_examples/hook/cmake_prefix_path.ps1'
[2.706s] INFO:colcon.colcon_core.shell:Creating environment descriptor '/home/august/arduinobot_ws/install/arduinobot_cpp_examples/share/arduinobot_cpp_examples/hook/cmake_prefix_path.dsv'
[2.707s] INFO:colcon.colcon_core.shell:Creating environment hook '/home/august/arduinobot_ws/install/arduinobot_cpp_examples/share/arduinobot_cpp_examples/hook/cmake_prefix_path.sh'
[2.707s] Level 1:colcon.colcon_core.environment:checking '/home/august/arduinobot_ws/install/arduinobot_cpp_examples/lib'
[2.707s] Level 1:colcon.colcon_core.environment:checking '/home/august/arduinobot_ws/install/arduinobot_cpp_examples/bin'
[2.707s] Level 1:colcon.colcon_core.environment:checking '/home/august/arduinobot_ws/install/arduinobot_cpp_examples/lib/pkgconfig/arduinobot_cpp_examples.pc'
[2.707s] Level 1:colcon.colcon_core.environment:checking '/home/august/arduinobot_ws/install/arduinobot_cpp_examples/lib/python3.8/site-packages'
[2.708s] Level 1:colcon.colcon_core.environment:checking '/home/august/arduinobot_ws/install/arduinobot_cpp_examples/bin'
[2.732s] INFO:colcon.colcon_core.shell:Creating package script '/home/august/arduinobot_ws/install/arduinobot_cpp_examples/share/arduinobot_cpp_examples/package.ps1'
[2.732s] INFO:colcon.colcon_core.shell:Creating package descriptor '/home/august/arduinobot_ws/install/arduinobot_cpp_examples/share/arduinobot_cpp_examples/package.dsv'
[2.733s] INFO:colcon.colcon_core.shell:Creating package script '/home/august/arduinobot_ws/install/arduinobot_cpp_examples/share/arduinobot_cpp_examples/package.sh'
[2.733s] INFO:colcon.colcon_core.shell:Creating package script '/home/august/arduinobot_ws/install/arduinobot_cpp_examples/share/arduinobot_cpp_examples/package.bash'
[2.733s] INFO:colcon.colcon_core.shell:Creating package script '/home/august/arduinobot_ws/install/arduinobot_cpp_examples/share/arduinobot_cpp_examples/package.zsh'
[2.734s] Level 1:colcon.colcon_core.environment:create_file_with_runtime_dependencies(/home/august/arduinobot_ws/install/arduinobot_cpp_examples/share/colcon-core/packages/arduinobot_cpp_examples)
[2.739s] DEBUG:colcon.colcon_core.event_handler.log_command:Invoking command in '/home/august/arduinobot_ws/src/arduinobot_py_examples': PYTHONPATH=/home/august/arduinobot_ws/build/arduinobot_py_examples/prefix_override:/home/august/arduinobot_ws/install/arduinobot_py_examples/lib/python3.8/site-packages:${PYTHONPATH} /usr/bin/python3 setup.py egg_info --egg-base ../../build/arduinobot_py_examples build --build-base /home/august/arduinobot_ws/build/arduinobot_py_examples/build install --record /home/august/arduinobot_ws/build/arduinobot_py_examples/install.log --install-scripts $base/lib/arduinobot_py_examples --single-version-externally-managed
[2.943s] DEBUG:colcon.colcon_core.event_handler.log_command:Invoked command in '/home/august/arduinobot_ws/src/arduinobot_py_examples' returned '0': PYTHONPATH=/home/august/arduinobot_ws/build/arduinobot_py_examples/prefix_override:/home/august/arduinobot_ws/install/arduinobot_py_examples/lib/python3.8/site-packages:${PYTHONPATH} /usr/bin/python3 setup.py egg_info --egg-base ../../build/arduinobot_py_examples build --build-base /home/august/arduinobot_ws/build/arduinobot_py_examples/build install --record /home/august/arduinobot_ws/build/arduinobot_py_examples/install.log --install-scripts $base/lib/arduinobot_py_examples --single-version-externally-managed
[2.969s] Level 1:colcon.colcon_core.environment:checking '/home/august/arduinobot_ws/install/arduinobot_py_examples' for CMake module files
[2.969s] Level 1:colcon.colcon_core.environment:checking '/home/august/arduinobot_ws/install/arduinobot_py_examples' for CMake config files
[2.969s] Level 1:colcon.colcon_core.environment:checking '/home/august/arduinobot_ws/install/arduinobot_py_examples/lib'
[2.970s] Level 1:colcon.colcon_core.environment:checking '/home/august/arduinobot_ws/install/arduinobot_py_examples/bin'
[2.970s] Level 1:colcon.colcon_core.environment:checking '/home/august/arduinobot_ws/install/arduinobot_py_examples/lib/pkgconfig/arduinobot_py_examples.pc'
[2.970s] Level 1:colcon.colcon_core.environment:checking '/home/august/arduinobot_ws/install/arduinobot_py_examples/lib/python3.8/site-packages'
[2.970s] Level 1:colcon.colcon_core.shell:create_environment_hook('arduinobot_py_examples', 'pythonpath')
[2.993s] INFO:colcon.colcon_core.shell:Creating environment hook '/home/august/arduinobot_ws/install/arduinobot_py_examples/share/arduinobot_py_examples/hook/pythonpath.ps1'
[2.993s] INFO:colcon.colcon_core.shell:Creating environment descriptor '/home/august/arduinobot_ws/install/arduinobot_py_examples/share/arduinobot_py_examples/hook/pythonpath.dsv'
[2.993s] INFO:colcon.colcon_core.shell:Creating environment hook '/home/august/arduinobot_ws/install/arduinobot_py_examples/share/arduinobot_py_examples/hook/pythonpath.sh'
[2.994s] Level 1:colcon.colcon_core.environment:checking '/home/august/arduinobot_ws/install/arduinobot_py_examples/bin'
[2.994s] Level 1:colcon.colcon_core.environment:create_environment_scripts_only(arduinobot_py_examples)
[3.017s] INFO:colcon.colcon_core.shell:Creating package script '/home/august/arduinobot_ws/install/arduinobot_py_examples/share/arduinobot_py_examples/package.ps1'
[3.018s] INFO:colcon.colcon_core.shell:Creating package descriptor '/home/august/arduinobot_ws/install/arduinobot_py_examples/share/arduinobot_py_examples/package.dsv'
[3.019s] INFO:colcon.colcon_core.shell:Creating package script '/home/august/arduinobot_ws/install/arduinobot_py_examples/share/arduinobot_py_examples/package.sh'
[3.019s] INFO:colcon.colcon_core.shell:Creating package script '/home/august/arduinobot_ws/install/arduinobot_py_examples/share/arduinobot_py_examples/package.bash'
[3.019s] INFO:colcon.colcon_core.shell:Creating package script '/home/august/arduinobot_ws/install/arduinobot_py_examples/share/arduinobot_py_examples/package.zsh'
[3.019s] Level 1:colcon.colcon_core.environment:create_file_with_runtime_dependencies(/home/august/arduinobot_ws/install/arduinobot_py_examples/share/colcon-core/packages/arduinobot_py_examples)
[3.020s] DEBUG:colcon.colcon_parallel_executor.executor.parallel:closing loop
[3.020s] DEBUG:colcon.colcon_parallel_executor.executor.parallel:loop closed
[3.020s] DEBUG:colcon.colcon_parallel_executor.executor.parallel:run_until_complete finished with '0'
[3.020s] DEBUG:colcon.colcon_core.event_reactor:joining thread
[3.049s] INFO:colcon.colcon_core.plugin_system:Skipping extension 'colcon_notification.desktop_notification.terminal_notifier': Not used on non-Darwin systems
[3.049s] INFO:colcon.colcon_core.plugin_system:Skipping extension 'colcon_notification.desktop_notification.win32': Not used on non-Windows systems
[3.049s] INFO:colcon.colcon_notification.desktop_notification:Sending desktop notification using 'notify2'
[3.062s] DEBUG:colcon.colcon_core.event_reactor:joined thread
[3.086s] INFO:colcon.colcon_core.shell:Creating prefix script '/home/august/arduinobot_ws/install/local_setup.ps1'
[3.087s] INFO:colcon.colcon_core.shell:Creating prefix util module '/home/august/arduinobot_ws/install/_local_setup_util_ps1.py'
[3.088s] INFO:colcon.colcon_core.shell:Creating prefix chain script '/home/august/arduinobot_ws/install/setup.ps1'
[3.113s] INFO:colcon.colcon_core.shell:Creating prefix script '/home/august/arduinobot_ws/install/local_setup.sh'
[3.113s] INFO:colcon.colcon_core.shell:Creating prefix util module '/home/august/arduinobot_ws/install/_local_setup_util_sh.py'
[3.113s] INFO:colcon.colcon_core.shell:Creating prefix chain script '/home/august/arduinobot_ws/install/setup.sh'
[3.139s] INFO:colcon.colcon_core.shell:Creating prefix script '/home/august/arduinobot_ws/install/local_setup.bash'
[3.139s] INFO:colcon.colcon_core.shell:Creating prefix chain script '/home/august/arduinobot_ws/install/setup.bash'
[3.163s] INFO:colcon.colcon_core.shell:Creating prefix script '/home/august/arduinobot_ws/install/local_setup.zsh'
[3.164s] INFO:colcon.colcon_core.shell:Creating prefix chain script '/home/august/arduinobot_ws/install/setup.zsh'
