[0.208s] Invoking command in '/home/august/arduinobot_ws/build/arduinobot_description': CMAKE_PREFIX_PATH=/opt/ros/foxy /usr/bin/cmake --build /home/august/arduinobot_ws/build/arduinobot_description -- -j8 -l8
[0.497s] -- Found ament_cmake: 0.9.12 (/opt/ros/foxy/share/ament_cmake/cmake)
[0.497s] -- Using PYTHON_EXECUTABLE: /usr/bin/python3
[0.498s] -- Found ament_lint_auto: 0.9.8 (/opt/ros/foxy/share/ament_lint_auto/cmake)
[0.498s] -- Added test 'copyright' to check source files copyright and LICENSE
[0.499s] -- Added test 'lint_cmake' to check CMake code style
[0.499s] -- Added test 'xmllint' to check XML markup files
[0.499s] -- Configuring done
[0.500s] -- Generating done
[0.500s] -- Build files have been written to: /home/august/arduinobot_ws/build/arduinobot_description
[0.508s] Invoked command in '/home/august/arduinobot_ws/build/arduinobot_description' returned '0': CMAKE_PREFIX_PATH=/opt/ros/foxy /usr/bin/cmake --build /home/august/arduinobot_ws/build/arduinobot_description -- -j8 -l8
[0.539s] Invoking command in '/home/august/arduinobot_ws/build/arduinobot_description': CMAKE_PREFIX_PATH=/opt/ros/foxy /usr/bin/cmake --install /home/august/arduinobot_ws/build/arduinobot_description
[0.547s] -- Install configuration: ""
[0.547s] -- Installing: /home/august/arduinobot_ws/install/arduinobot_description/share/arduinobot_description/meshes
[0.547s] -- Installing: /home/august/arduinobot_ws/install/arduinobot_description/share/arduinobot_description/meshes/forward_drive_arm.STL
[0.549s] -- Installing: /home/august/arduinobot_ws/install/arduinobot_description/share/arduinobot_description/meshes/left_finger.STL
[0.549s] -- Installing: /home/august/arduinobot_ws/install/arduinobot_description/share/arduinobot_description/meshes/round_plate.STL
[0.549s] -- Installing: /home/august/arduinobot_ws/install/arduinobot_description/share/arduinobot_description/meshes/plate.STL
[0.552s] -- Installing: /home/august/arduinobot_ws/install/arduinobot_description/share/arduinobot_description/meshes/horizontal_arm.STL
[0.555s] -- Installing: /home/august/arduinobot_ws/install/arduinobot_description/share/arduinobot_description/meshes/link.STL
[0.555s] -- Installing: /home/august/arduinobot_ws/install/arduinobot_description/share/arduinobot_description/meshes/base_plate.STL
[0.558s] -- Installing: /home/august/arduinobot_ws/install/arduinobot_description/share/arduinobot_description/meshes/right_finger.STL
[0.558s] -- Installing: /home/august/arduinobot_ws/install/arduinobot_description/share/arduinobot_description/meshes/vertical_drive_arm.STL
[0.558s] -- Installing: /home/august/arduinobot_ws/install/arduinobot_description/share/arduinobot_description/meshes/basement.STL
[0.559s] -- Installing: /home/august/arduinobot_ws/install/arduinobot_description/share/arduinobot_description/meshes/servo_plate.STL
[0.559s] -- Installing: /home/august/arduinobot_ws/install/arduinobot_description/share/arduinobot_description/meshes/claw_support.STL
[0.560s] -- Installing: /home/august/arduinobot_ws/install/arduinobot_description/share/arduinobot_description/meshes/triangular_link.STL
[0.560s] -- Installing: /home/august/arduinobot_ws/install/arduinobot_description/share/arduinobot_description/urdf
[0.560s] -- Installing: /home/august/arduinobot_ws/install/arduinobot_description/share/arduinobot_description/urdf/arduinobot_urdf.xacro
[0.561s] -- Up-to-date: /home/august/arduinobot_ws/install/arduinobot_description/share/ament_index/resource_index/package_run_dependencies/arduinobot_description
[0.561s] -- Up-to-date: /home/august/arduinobot_ws/install/arduinobot_description/share/ament_index/resource_index/parent_prefix_path/arduinobot_description
[0.561s] -- Up-to-date: /home/august/arduinobot_ws/install/arduinobot_description/share/arduinobot_description/environment/ament_prefix_path.sh
[0.561s] -- Installing: /home/august/arduinobot_ws/install/arduinobot_description/share/arduinobot_description/environment/ament_prefix_path.dsv
[0.561s] -- Up-to-date: /home/august/arduinobot_ws/install/arduinobot_description/share/arduinobot_description/environment/path.sh
[0.562s] -- Installing: /home/august/arduinobot_ws/install/arduinobot_description/share/arduinobot_description/environment/path.dsv
[0.562s] -- Up-to-date: /home/august/arduinobot_ws/install/arduinobot_description/share/arduinobot_description/local_setup.bash
[0.562s] -- Up-to-date: /home/august/arduinobot_ws/install/arduinobot_description/share/arduinobot_description/local_setup.sh
[0.562s] -- Up-to-date: /home/august/arduinobot_ws/install/arduinobot_description/share/arduinobot_description/local_setup.zsh
[0.563s] -- Installing: /home/august/arduinobot_ws/install/arduinobot_description/share/arduinobot_description/local_setup.dsv
[0.563s] -- Installing: /home/august/arduinobot_ws/install/arduinobot_description/share/arduinobot_description/package.dsv
[0.563s] -- Up-to-date: /home/august/arduinobot_ws/install/arduinobot_description/share/ament_index/resource_index/packages/arduinobot_description
[0.563s] -- Up-to-date: /home/august/arduinobot_ws/install/arduinobot_description/share/arduinobot_description/cmake/arduinobot_descriptionConfig.cmake
[0.563s] -- Up-to-date: /home/august/arduinobot_ws/install/arduinobot_description/share/arduinobot_description/cmake/arduinobot_descriptionConfig-version.cmake
[0.564s] -- Up-to-date: /home/august/arduinobot_ws/install/arduinobot_description/share/arduinobot_description/package.xml
[0.645s] Invoked command in '/home/august/arduinobot_ws/build/arduinobot_description' returned '0': CMAKE_PREFIX_PATH=/opt/ros/foxy /usr/bin/cmake --install /home/august/arduinobot_ws/build/arduinobot_description
