[0.283s] Invoking command in '/home/shivam/ros2_arduinobot/build/arduinobot_controller': CMAKE_PREFIX_PATH=/opt/ros/humble /usr/bin/cmake /home/shivam/ros2_arduinobot/src/arduinobot_controller -DCMAKE_INSTALL_PREFIX=/home/shivam/ros2_arduinobot/install/arduinobot_controller
[0.450s] -- The C compiler identification is GNU 11.4.0
[1.077s] -- The CXX compiler identification is GNU 11.4.0
[1.718s] -- Detecting C compiler ABI info
[1.920s] -- Detecting C compiler ABI info - done
[1.934s] -- Check for working C compiler: /usr/bin/cc - skipped
[1.935s] -- Detecting C compile features
[1.935s] -- Detecting C compile features - done
[1.941s] -- Detecting CXX compiler ABI info
[2.149s] -- Detecting CXX compiler ABI info - done
[2.162s] -- Check for working CXX compiler: /usr/bin/c++ - skipped
[2.163s] -- Detecting CXX compile features
[2.163s] -- Detecting CXX compile features - done
[2.165s] -- Found ament_cmake: 1.3.6 (/opt/ros/humble/share/ament_cmake/cmake)
[2.413s] -- Found Python3: /usr/bin/python3.10 (found version "3.10.12") found components: Interpreter 
[2.543s] -- Found ament_lint_auto: 0.12.9 (/opt/ros/humble/share/ament_lint_auto/cmake)
[2.675s] -- Added test 'copyright' to check source files copyright and LICENSE
[2.680s] -- Added test 'flake8' to check Python code syntax and style conventions
[2.681s] -- Added test 'lint_cmake' to check CMake code style
[2.682s] -- Added test 'pep257' to check Python code against some of the docstring style conventions in PEP 257
[2.684s] -- Added test 'xmllint' to check XML markup files
[2.686s] -- Configuring done
[2.689s] -- Generating done
[2.690s] -- Build files have been written to: /home/shivam/ros2_arduinobot/build/arduinobot_controller
