[1.887s] DEBUG:colcon:Command line arguments: ['/usr/bin/colcon', 'list', '-p', '--base-paths', '/home/august/arduinobot_ws']
[1.887s] DEBUG:colcon:Parsed command line arguments: Namespace(allow_overriding=[], base_paths=['/home/august/arduinobot_ws'], build_base='build', ignore_user_meta=False, log_base=None, log_level=None, main=<bound method ListVerb.main of <colcon_package_information.verb.list.ListVerb object at 0x7f0bb44ccd90>>, metas=['./colcon.meta'], names_only=False, packages_above=None, packages_above_and_dependencies=None, packages_above_depth=None, packages_end=None, packages_ignore=None, packages_ignore_regex=None, packages_select=None, packages_select_build_failed=False, packages_select_by_dep=None, packages_select_regex=None, packages_select_test_failures=False, packages_skip=None, packages_skip_build_finished=False, packages_skip_by_dep=None, packages_skip_regex=None, packages_skip_test_passed=False, packages_skip_up_to=None, packages_start=None, packages_up_to=None, packages_up_to_regex=None, paths=None, paths_only=True, topological_graph=False, topological_graph_density=False, topological_graph_dot=False, topological_graph_dot_cluster=False, topological_graph_dot_include_skipped=False, topological_graph_legend=False, topological_order=False, verb_extension=<colcon_package_information.verb.list.ListVerb object at 0x7f0bb44ccd90>, verb_name='list', verb_parser=<colcon_defaults.argument_parser.defaults.DefaultArgumentsDecorator object at 0x7f0bb40b6f40>)
[1.953s] Level 1:colcon.colcon_core.package_discovery:discover_packages(colcon_meta) check parameters
[1.953s] Level 1:colcon.colcon_core.package_discovery:discover_packages(recursive) check parameters
[1.953s] Level 1:colcon.colcon_core.package_discovery:discover_packages(ignore) check parameters
[1.953s] Level 1:colcon.colcon_core.package_discovery:discover_packages(path) check parameters
[1.953s] Level 1:colcon.colcon_core.package_discovery:discover_packages(recursive) discover
[1.953s] INFO:colcon.colcon_core.package_discovery:Crawling recursively for packages in '/home/august/arduinobot_ws'
[1.954s] Level 1:colcon.colcon_core.package_identification:_identify(/home/august/arduinobot_ws) by extensions ['ignore', 'ignore_ament_install']
[1.954s] Level 1:colcon.colcon_core.package_identification:_identify(/home/august/arduinobot_ws) by extension 'ignore'
[1.954s] Level 1:colcon.colcon_core.package_identification:_identify(/home/august/arduinobot_ws) by extension 'ignore_ament_install'
[1.954s] Level 1:colcon.colcon_core.package_identification:_identify(/home/august/arduinobot_ws) by extensions ['colcon_pkg']
[1.954s] Level 1:colcon.colcon_core.package_identification:_identify(/home/august/arduinobot_ws) by extension 'colcon_pkg'
[1.954s] Level 1:colcon.colcon_core.package_identification:_identify(/home/august/arduinobot_ws) by extensions ['colcon_meta']
[1.954s] Level 1:colcon.colcon_core.package_identification:_identify(/home/august/arduinobot_ws) by extension 'colcon_meta'
[1.954s] Level 1:colcon.colcon_core.package_identification:_identify(/home/august/arduinobot_ws) by extensions ['ros']
[1.954s] Level 1:colcon.colcon_core.package_identification:_identify(/home/august/arduinobot_ws) by extension 'ros'
[1.963s] Level 1:colcon.colcon_core.package_identification:_identify(/home/august/arduinobot_ws) by extensions ['cmake', 'python']
[1.963s] Level 1:colcon.colcon_core.package_identification:_identify(/home/august/arduinobot_ws) by extension 'cmake'
[1.963s] Level 1:colcon.colcon_core.package_identification:_identify(/home/august/arduinobot_ws) by extension 'python'
[1.963s] Level 1:colcon.colcon_core.package_identification:_identify(/home/august/arduinobot_ws) by extensions ['python_setup_py']
[1.963s] Level 1:colcon.colcon_core.package_identification:_identify(/home/august/arduinobot_ws) by extension 'python_setup_py'
[1.963s] Level 1:colcon.colcon_core.package_identification:_identify(/home/august/arduinobot_ws/build) by extensions ['ignore', 'ignore_ament_install']
[1.963s] Level 1:colcon.colcon_core.package_identification:_identify(/home/august/arduinobot_ws/build) by extension 'ignore'
[1.963s] Level 1:colcon.colcon_core.package_identification:_identify(/home/august/arduinobot_ws/build) ignored
[1.963s] Level 1:colcon.colcon_core.package_identification:_identify(/home/august/arduinobot_ws/install) by extensions ['ignore', 'ignore_ament_install']
[1.964s] Level 1:colcon.colcon_core.package_identification:_identify(/home/august/arduinobot_ws/install) by extension 'ignore'
[1.964s] Level 1:colcon.colcon_core.package_identification:_identify(/home/august/arduinobot_ws/install) ignored
[1.964s] Level 1:colcon.colcon_core.package_identification:_identify(/home/august/arduinobot_ws/log) by extensions ['ignore', 'ignore_ament_install']
[1.964s] Level 1:colcon.colcon_core.package_identification:_identify(/home/august/arduinobot_ws/log) by extension 'ignore'
[1.964s] Level 1:colcon.colcon_core.package_identification:_identify(/home/august/arduinobot_ws/log) ignored
[1.964s] Level 1:colcon.colcon_core.package_identification:_identify(/home/august/arduinobot_ws/src) by extensions ['ignore', 'ignore_ament_install']
[1.964s] Level 1:colcon.colcon_core.package_identification:_identify(/home/august/arduinobot_ws/src) by extension 'ignore'
[1.964s] Level 1:colcon.colcon_core.package_identification:_identify(/home/august/arduinobot_ws/src) by extension 'ignore_ament_install'
[1.964s] Level 1:colcon.colcon_core.package_identification:_identify(/home/august/arduinobot_ws/src) by extensions ['colcon_pkg']
[1.964s] Level 1:colcon.colcon_core.package_identification:_identify(/home/august/arduinobot_ws/src) by extension 'colcon_pkg'
[1.964s] Level 1:colcon.colcon_core.package_identification:_identify(/home/august/arduinobot_ws/src) by extensions ['colcon_meta']
[1.964s] Level 1:colcon.colcon_core.package_identification:_identify(/home/august/arduinobot_ws/src) by extension 'colcon_meta'
[1.964s] Level 1:colcon.colcon_core.package_identification:_identify(/home/august/arduinobot_ws/src) by extensions ['ros']
[1.964s] Level 1:colcon.colcon_core.package_identification:_identify(/home/august/arduinobot_ws/src) by extension 'ros'
[1.964s] Level 1:colcon.colcon_core.package_identification:_identify(/home/august/arduinobot_ws/src) by extensions ['cmake', 'python']
[1.964s] Level 1:colcon.colcon_core.package_identification:_identify(/home/august/arduinobot_ws/src) by extension 'cmake'
[1.964s] Level 1:colcon.colcon_core.package_identification:_identify(/home/august/arduinobot_ws/src) by extension 'python'
[1.964s] Level 1:colcon.colcon_core.package_identification:_identify(/home/august/arduinobot_ws/src) by extensions ['python_setup_py']
[1.964s] Level 1:colcon.colcon_core.package_identification:_identify(/home/august/arduinobot_ws/src) by extension 'python_setup_py'
[1.964s] Level 1:colcon.colcon_core.package_identification:_identify(/home/august/arduinobot_ws/src/arduinobot_cpp_examples) by extensions ['ignore', 'ignore_ament_install']
[1.964s] Level 1:colcon.colcon_core.package_identification:_identify(/home/august/arduinobot_ws/src/arduinobot_cpp_examples) by extension 'ignore'
[1.964s] Level 1:colcon.colcon_core.package_identification:_identify(/home/august/arduinobot_ws/src/arduinobot_cpp_examples) by extension 'ignore_ament_install'
[1.964s] Level 1:colcon.colcon_core.package_identification:_identify(/home/august/arduinobot_ws/src/arduinobot_cpp_examples) by extensions ['colcon_pkg']
[1.964s] Level 1:colcon.colcon_core.package_identification:_identify(/home/august/arduinobot_ws/src/arduinobot_cpp_examples) by extension 'colcon_pkg'
[1.965s] Level 1:colcon.colcon_core.package_identification:_identify(/home/august/arduinobot_ws/src/arduinobot_cpp_examples) by extensions ['colcon_meta']
[1.965s] Level 1:colcon.colcon_core.package_identification:_identify(/home/august/arduinobot_ws/src/arduinobot_cpp_examples) by extension 'colcon_meta'
[1.965s] Level 1:colcon.colcon_core.package_identification:_identify(/home/august/arduinobot_ws/src/arduinobot_cpp_examples) by extensions ['ros']
[1.965s] Level 1:colcon.colcon_core.package_identification:_identify(/home/august/arduinobot_ws/src/arduinobot_cpp_examples) by extension 'ros'
[1.966s] DEBUG:colcon.colcon_core.package_identification:Package '/home/august/arduinobot_ws/src/arduinobot_cpp_examples' with type 'ros.ament_cmake' and name 'arduinobot_cpp_examples'
[1.967s] Level 1:colcon.colcon_core.package_identification:_identify(/home/august/arduinobot_ws/src/arduinobot_py_examples) by extensions ['ignore', 'ignore_ament_install']
[1.967s] Level 1:colcon.colcon_core.package_identification:_identify(/home/august/arduinobot_ws/src/arduinobot_py_examples) by extension 'ignore'
[1.967s] Level 1:colcon.colcon_core.package_identification:_identify(/home/august/arduinobot_ws/src/arduinobot_py_examples) by extension 'ignore_ament_install'
[1.967s] Level 1:colcon.colcon_core.package_identification:_identify(/home/august/arduinobot_ws/src/arduinobot_py_examples) by extensions ['colcon_pkg']
[1.967s] Level 1:colcon.colcon_core.package_identification:_identify(/home/august/arduinobot_ws/src/arduinobot_py_examples) by extension 'colcon_pkg'
[1.967s] Level 1:colcon.colcon_core.package_identification:_identify(/home/august/arduinobot_ws/src/arduinobot_py_examples) by extensions ['colcon_meta']
[1.967s] Level 1:colcon.colcon_core.package_identification:_identify(/home/august/arduinobot_ws/src/arduinobot_py_examples) by extension 'colcon_meta'
[1.967s] Level 1:colcon.colcon_core.package_identification:_identify(/home/august/arduinobot_ws/src/arduinobot_py_examples) by extensions ['ros']
[1.967s] Level 1:colcon.colcon_core.package_identification:_identify(/home/august/arduinobot_ws/src/arduinobot_py_examples) by extension 'ros'
[1.967s] DEBUG:colcon.colcon_core.package_identification:Package '/home/august/arduinobot_ws/src/arduinobot_py_examples' with type 'ros.ament_python' and name 'arduinobot_py_examples'
[1.967s] Level 1:colcon.colcon_core.package_discovery:discover_packages(recursive) using defaults
