[1.290s] DEBUG:colcon:Command line arguments: ['/usr/bin/colcon', 'build']
[1.290s] DEBUG:colcon:Parsed command line arguments: Namespace(allow_overriding=[], ament_cmake_args=None, base_paths=['.'], build_base='build', catkin_cmake_args=None, catkin_skip_building_tests=False, cmake_args=None, cmake_clean_cache=False, cmake_clean_first=False, cmake_force_configure=False, cmake_target=None, cmake_target_skip_unavailable=False, continue_on_error=False, event_handlers=None, executor='parallel', ignore_user_meta=False, install_base='install', log_base=None, log_level=None, main=<bound method BuildVerb.main of <colcon_core.verb.build.BuildVerb object at 0x7f3c4eecea90>>, merge_install=False, metas=['./colcon.meta'], packages_above=None, packages_above_and_dependencies=None, packages_above_depth=None, packages_end=None, packages_ignore=None, packages_ignore_regex=None, packages_select=None, packages_select_build_failed=False, packages_select_by_dep=None, packages_select_regex=None, packages_select_test_failures=False, packages_skip=None, packages_skip_build_finished=False, packages_skip_by_dep=None, packages_skip_regex=None, packages_skip_test_passed=False, packages_skip_up_to=None, packages_start=None, packages_up_to=None, packages_up_to_regex=None, parallel_workers=8, paths=None, symlink_install=False, test_result_base=None, verb_extension=<colcon_core.verb.build.BuildVerb object at 0x7f3c4eecea90>, verb_name='build', verb_parser=<colcon_defaults.argument_parser.defaults.DefaultArgumentsDecorator object at 0x7f3c4eadcfa0>)
[1.346s] Level 1:colcon.colcon_core.package_discovery:discover_packages(colcon_meta) check parameters
[1.346s] Level 1:colcon.colcon_core.package_discovery:discover_packages(recursive) check parameters
[1.346s] Level 1:colcon.colcon_core.package_discovery:discover_packages(ignore) check parameters
[1.346s] Level 1:colcon.colcon_core.package_discovery:discover_packages(path) check parameters
[1.346s] Level 1:colcon.colcon_core.package_discovery:discover_packages(colcon_meta) discover
[1.346s] Level 1:colcon.colcon_core.package_discovery:discover_packages(recursive) discover
[1.347s] INFO:colcon.colcon_core.package_discovery:Crawling recursively for packages in '/home/august/arduinobot_ws'
[1.347s] Level 1:colcon.colcon_core.package_identification:_identify(.) by extensions ['ignore', 'ignore_ament_install']
[1.347s] Level 1:colcon.colcon_core.package_identification:_identify(.) by extension 'ignore'
[1.347s] Level 1:colcon.colcon_core.package_identification:_identify(.) by extension 'ignore_ament_install'
[1.347s] Level 1:colcon.colcon_core.package_identification:_identify(.) by extensions ['colcon_pkg']
[1.347s] Level 1:colcon.colcon_core.package_identification:_identify(.) by extension 'colcon_pkg'
[1.347s] Level 1:colcon.colcon_core.package_identification:_identify(.) by extensions ['colcon_meta']
[1.347s] Level 1:colcon.colcon_core.package_identification:_identify(.) by extension 'colcon_meta'
[1.347s] Level 1:colcon.colcon_core.package_identification:_identify(.) by extensions ['ros']
[1.347s] Level 1:colcon.colcon_core.package_identification:_identify(.) by extension 'ros'
[1.354s] Level 1:colcon.colcon_core.package_identification:_identify(.) by extensions ['cmake', 'python']
[1.355s] Level 1:colcon.colcon_core.package_identification:_identify(.) by extension 'cmake'
[1.355s] Level 1:colcon.colcon_core.package_identification:_identify(.) by extension 'python'
[1.355s] Level 1:colcon.colcon_core.package_identification:_identify(.) by extensions ['python_setup_py']
[1.355s] Level 1:colcon.colcon_core.package_identification:_identify(.) by extension 'python_setup_py'
[1.355s] Level 1:colcon.colcon_core.package_identification:_identify(build) by extensions ['ignore', 'ignore_ament_install']
[1.355s] Level 1:colcon.colcon_core.package_identification:_identify(build) by extension 'ignore'
[1.355s] Level 1:colcon.colcon_core.package_identification:_identify(build) ignored
[1.355s] Level 1:colcon.colcon_core.package_identification:_identify(install) by extensions ['ignore', 'ignore_ament_install']
[1.355s] Level 1:colcon.colcon_core.package_identification:_identify(install) by extension 'ignore'
[1.355s] Level 1:colcon.colcon_core.package_identification:_identify(install) ignored
[1.355s] Level 1:colcon.colcon_core.package_identification:_identify(log) by extensions ['ignore', 'ignore_ament_install']
[1.355s] Level 1:colcon.colcon_core.package_identification:_identify(log) by extension 'ignore'
[1.355s] Level 1:colcon.colcon_core.package_identification:_identify(log) ignored
[1.355s] Level 1:colcon.colcon_core.package_identification:_identify(src) by extensions ['ignore', 'ignore_ament_install']
[1.355s] Level 1:colcon.colcon_core.package_identification:_identify(src) by extension 'ignore'
[1.355s] Level 1:colcon.colcon_core.package_identification:_identify(src) by extension 'ignore_ament_install'
[1.355s] Level 1:colcon.colcon_core.package_identification:_identify(src) by extensions ['colcon_pkg']
[1.355s] Level 1:colcon.colcon_core.package_identification:_identify(src) by extension 'colcon_pkg'
[1.355s] Level 1:colcon.colcon_core.package_identification:_identify(src) by extensions ['colcon_meta']
[1.355s] Level 1:colcon.colcon_core.package_identification:_identify(src) by extension 'colcon_meta'
[1.355s] Level 1:colcon.colcon_core.package_identification:_identify(src) by extensions ['ros']
[1.355s] Level 1:colcon.colcon_core.package_identification:_identify(src) by extension 'ros'
[1.355s] Level 1:colcon.colcon_core.package_identification:_identify(src) by extensions ['cmake', 'python']
[1.356s] Level 1:colcon.colcon_core.package_identification:_identify(src) by extension 'cmake'
[1.356s] Level 1:colcon.colcon_core.package_identification:_identify(src) by extension 'python'
[1.356s] Level 1:colcon.colcon_core.package_identification:_identify(src) by extensions ['python_setup_py']
[1.356s] Level 1:colcon.colcon_core.package_identification:_identify(src) by extension 'python_setup_py'
[1.356s] Level 1:colcon.colcon_core.package_identification:_identify(src/arduinobot_cpp_examples) by extensions ['ignore', 'ignore_ament_install']
[1.356s] Level 1:colcon.colcon_core.package_identification:_identify(src/arduinobot_cpp_examples) by extension 'ignore'
[1.356s] Level 1:colcon.colcon_core.package_identification:_identify(src/arduinobot_cpp_examples) by extension 'ignore_ament_install'
[1.356s] Level 1:colcon.colcon_core.package_identification:_identify(src/arduinobot_cpp_examples) by extensions ['colcon_pkg']
[1.356s] Level 1:colcon.colcon_core.package_identification:_identify(src/arduinobot_cpp_examples) by extension 'colcon_pkg'
[1.356s] Level 1:colcon.colcon_core.package_identification:_identify(src/arduinobot_cpp_examples) by extensions ['colcon_meta']
[1.356s] Level 1:colcon.colcon_core.package_identification:_identify(src/arduinobot_cpp_examples) by extension 'colcon_meta'
[1.356s] Level 1:colcon.colcon_core.package_identification:_identify(src/arduinobot_cpp_examples) by extensions ['ros']
[1.356s] Level 1:colcon.colcon_core.package_identification:_identify(src/arduinobot_cpp_examples) by extension 'ros'
[1.358s] DEBUG:colcon.colcon_core.package_identification:Package 'src/arduinobot_cpp_examples' with type 'ros.ament_cmake' and name 'arduinobot_cpp_examples'
[1.358s] Level 1:colcon.colcon_core.package_identification:_identify(src/arduinobot_description) by extensions ['ignore', 'ignore_ament_install']
[1.358s] Level 1:colcon.colcon_core.package_identification:_identify(src/arduinobot_description) by extension 'ignore'
[1.358s] Level 1:colcon.colcon_core.package_identification:_identify(src/arduinobot_description) by extension 'ignore_ament_install'
[1.358s] Level 1:colcon.colcon_core.package_identification:_identify(src/arduinobot_description) by extensions ['colcon_pkg']
[1.358s] Level 1:colcon.colcon_core.package_identification:_identify(src/arduinobot_description) by extension 'colcon_pkg'
[1.358s] Level 1:colcon.colcon_core.package_identification:_identify(src/arduinobot_description) by extensions ['colcon_meta']
[1.358s] Level 1:colcon.colcon_core.package_identification:_identify(src/arduinobot_description) by extension 'colcon_meta'
[1.358s] Level 1:colcon.colcon_core.package_identification:_identify(src/arduinobot_description) by extensions ['ros']
[1.358s] Level 1:colcon.colcon_core.package_identification:_identify(src/arduinobot_description) by extension 'ros'
[1.358s] DEBUG:colcon.colcon_core.package_identification:Package 'src/arduinobot_description' with type 'ros.ament_cmake' and name 'arduinobot_description'
[1.358s] Level 1:colcon.colcon_core.package_identification:_identify(src/arduinobot_py_examples) by extensions ['ignore', 'ignore_ament_install']
[1.358s] Level 1:colcon.colcon_core.package_identification:_identify(src/arduinobot_py_examples) by extension 'ignore'
[1.358s] Level 1:colcon.colcon_core.package_identification:_identify(src/arduinobot_py_examples) by extension 'ignore_ament_install'
[1.359s] Level 1:colcon.colcon_core.package_identification:_identify(src/arduinobot_py_examples) by extensions ['colcon_pkg']
[1.359s] Level 1:colcon.colcon_core.package_identification:_identify(src/arduinobot_py_examples) by extension 'colcon_pkg'
[1.359s] Level 1:colcon.colcon_core.package_identification:_identify(src/arduinobot_py_examples) by extensions ['colcon_meta']
[1.359s] Level 1:colcon.colcon_core.package_identification:_identify(src/arduinobot_py_examples) by extension 'colcon_meta'
[1.359s] Level 1:colcon.colcon_core.package_identification:_identify(src/arduinobot_py_examples) by extensions ['ros']
[1.359s] Level 1:colcon.colcon_core.package_identification:_identify(src/arduinobot_py_examples) by extension 'ros'
[1.359s] DEBUG:colcon.colcon_core.package_identification:Package 'src/arduinobot_py_examples' with type 'ros.ament_python' and name 'arduinobot_py_examples'
[1.359s] Level 1:colcon.colcon_core.package_discovery:discover_packages(recursive) using defaults
[1.359s] Level 1:colcon.colcon_core.package_discovery:discover_packages(ignore) discover
[1.359s] Level 1:colcon.colcon_core.package_discovery:discover_packages(ignore) using defaults
[1.359s] Level 1:colcon.colcon_core.package_discovery:discover_packages(path) discover
[1.359s] Level 1:colcon.colcon_core.package_discovery:discover_packages(path) using defaults
[1.486s] Level 1:colcon.colcon_core.package_discovery:discover_packages(prefix_path) check parameters
[1.486s] Level 1:colcon.colcon_core.package_discovery:discover_packages(prefix_path) discover
[1.530s] DEBUG:colcon.colcon_installed_package_information.package_discovery:Found 324 installed packages in /opt/ros/foxy
[1.531s] Level 1:colcon.colcon_core.package_discovery:discover_packages(prefix_path) using defaults
[1.622s] Level 5:colcon.colcon_core.verb:set package 'arduinobot_cpp_examples' build argument 'cmake_args' from command line to 'None'
[1.622s] Level 5:colcon.colcon_core.verb:set package 'arduinobot_cpp_examples' build argument 'cmake_target' from command line to 'None'
[1.622s] Level 5:colcon.colcon_core.verb:set package 'arduinobot_cpp_examples' build argument 'cmake_target_skip_unavailable' from command line to 'False'
[1.622s] Level 5:colcon.colcon_core.verb:set package 'arduinobot_cpp_examples' build argument 'cmake_clean_cache' from command line to 'False'
[1.622s] Level 5:colcon.colcon_core.verb:set package 'arduinobot_cpp_examples' build argument 'cmake_clean_first' from command line to 'False'
[1.622s] Level 5:colcon.colcon_core.verb:set package 'arduinobot_cpp_examples' build argument 'cmake_force_configure' from command line to 'False'
[1.622s] Level 5:colcon.colcon_core.verb:set package 'arduinobot_cpp_examples' build argument 'ament_cmake_args' from command line to 'None'
[1.622s] Level 5:colcon.colcon_core.verb:set package 'arduinobot_cpp_examples' build argument 'catkin_cmake_args' from command line to 'None'
[1.622s] Level 5:colcon.colcon_core.verb:set package 'arduinobot_cpp_examples' build argument 'catkin_skip_building_tests' from command line to 'False'
[1.622s] DEBUG:colcon.colcon_core.verb:Building package 'arduinobot_cpp_examples' with the following arguments: {'ament_cmake_args': None, 'build_base': '/home/august/arduinobot_ws/build/arduinobot_cpp_examples', 'catkin_cmake_args': None, 'catkin_skip_building_tests': False, 'cmake_args': None, 'cmake_clean_cache': False, 'cmake_clean_first': False, 'cmake_force_configure': False, 'cmake_target': None, 'cmake_target_skip_unavailable': False, 'install_base': '/home/august/arduinobot_ws/install/arduinobot_cpp_examples', 'merge_install': False, 'path': '/home/august/arduinobot_ws/src/arduinobot_cpp_examples', 'symlink_install': False, 'test_result_base': None}
[1.644s] Level 5:colcon.colcon_core.verb:set package 'arduinobot_description' build argument 'cmake_args' from command line to 'None'
[1.644s] Level 5:colcon.colcon_core.verb:set package 'arduinobot_description' build argument 'cmake_target' from command line to 'None'
[1.644s] Level 5:colcon.colcon_core.verb:set package 'arduinobot_description' build argument 'cmake_target_skip_unavailable' from command line to 'False'
[1.644s] Level 5:colcon.colcon_core.verb:set package 'arduinobot_description' build argument 'cmake_clean_cache' from command line to 'False'
[1.644s] Level 5:colcon.colcon_core.verb:set package 'arduinobot_description' build argument 'cmake_clean_first' from command line to 'False'
[1.644s] Level 5:colcon.colcon_core.verb:set package 'arduinobot_description' build argument 'cmake_force_configure' from command line to 'False'
[1.644s] Level 5:colcon.colcon_core.verb:set package 'arduinobot_description' build argument 'ament_cmake_args' from command line to 'None'
[1.644s] Level 5:colcon.colcon_core.verb:set package 'arduinobot_description' build argument 'catkin_cmake_args' from command line to 'None'
[1.644s] Level 5:colcon.colcon_core.verb:set package 'arduinobot_description' build argument 'catkin_skip_building_tests' from command line to 'False'
[1.644s] DEBUG:colcon.colcon_core.verb:Building package 'arduinobot_description' with the following arguments: {'ament_cmake_args': None, 'build_base': '/home/august/arduinobot_ws/build/arduinobot_description', 'catkin_cmake_args': None, 'catkin_skip_building_tests': False, 'cmake_args': None, 'cmake_clean_cache': False, 'cmake_clean_first': False, 'cmake_force_configure': False, 'cmake_target': None, 'cmake_target_skip_unavailable': False, 'install_base': '/home/august/arduinobot_ws/install/arduinobot_description', 'merge_install': False, 'path': '/home/august/arduinobot_ws/src/arduinobot_description', 'symlink_install': False, 'test_result_base': None}
[1.666s] Level 5:colcon.colcon_core.verb:set package 'arduinobot_py_examples' build argument 'cmake_args' from command line to 'None'
[1.666s] Level 5:colcon.colcon_core.verb:set package 'arduinobot_py_examples' build argument 'cmake_target' from command line to 'None'
[1.666s] Level 5:colcon.colcon_core.verb:set package 'arduinobot_py_examples' build argument 'cmake_target_skip_unavailable' from command line to 'False'
[1.666s] Level 5:colcon.colcon_core.verb:set package 'arduinobot_py_examples' build argument 'cmake_clean_cache' from command line to 'False'
[1.666s] Level 5:colcon.colcon_core.verb:set package 'arduinobot_py_examples' build argument 'cmake_clean_first' from command line to 'False'
[1.666s] Level 5:colcon.colcon_core.verb:set package 'arduinobot_py_examples' build argument 'cmake_force_configure' from command line to 'False'
[1.666s] Level 5:colcon.colcon_core.verb:set package 'arduinobot_py_examples' build argument 'ament_cmake_args' from command line to 'None'
[1.666s] Level 5:colcon.colcon_core.verb:set package 'arduinobot_py_examples' build argument 'catkin_cmake_args' from command line to 'None'
[1.666s] Level 5:colcon.colcon_core.verb:set package 'arduinobot_py_examples' build argument 'catkin_skip_building_tests' from command line to 'False'
[1.666s] DEBUG:colcon.colcon_core.verb:Building package 'arduinobot_py_examples' with the following arguments: {'ament_cmake_args': None, 'build_base': '/home/august/arduinobot_ws/build/arduinobot_py_examples', 'catkin_cmake_args': None, 'catkin_skip_building_tests': False, 'cmake_args': None, 'cmake_clean_cache': False, 'cmake_clean_first': False, 'cmake_force_configure': False, 'cmake_target': None, 'cmake_target_skip_unavailable': False, 'install_base': '/home/august/arduinobot_ws/install/arduinobot_py_examples', 'merge_install': False, 'path': '/home/august/arduinobot_ws/src/arduinobot_py_examples', 'symlink_install': False, 'test_result_base': None}
[1.687s] INFO:colcon.colcon_core.executor:Executing jobs using 'parallel' executor
[1.719s] DEBUG:colcon.colcon_parallel_executor.executor.parallel:run_until_complete
[1.719s] INFO:colcon.colcon_ros.task.ament_cmake.build:Building ROS package in '/home/august/arduinobot_ws/src/arduinobot_cpp_examples' with build type 'ament_cmake'
[1.719s] INFO:colcon.colcon_cmake.task.cmake.build:Building CMake package in '/home/august/arduinobot_ws/src/arduinobot_cpp_examples'
[1.742s] INFO:colcon.colcon_core.plugin_system:Skipping extension 'colcon_core.shell.bat': Not used on non-Windows systems
[1.743s] INFO:colcon.colcon_core.shell:Skip shell extension 'powershell' for command environment: Not usable outside of PowerShell
[1.743s] DEBUG:colcon.colcon_core.shell:Skip shell extension 'dsv' for command environment
[1.790s] INFO:colcon.colcon_ros.task.ament_cmake.build:Building ROS package in '/home/august/arduinobot_ws/src/arduinobot_description' with build type 'ament_cmake'
[1.790s] INFO:colcon.colcon_cmake.task.cmake.build:Building CMake package in '/home/august/arduinobot_ws/src/arduinobot_description'
[1.815s] INFO:colcon.colcon_core.shell:Skip shell extension 'powershell' for command environment: Not usable outside of PowerShell
[1.815s] DEBUG:colcon.colcon_core.shell:Skip shell extension 'dsv' for command environment
[1.864s] INFO:colcon.colcon_ros.task.ament_python.build:Building ROS package in '/home/august/arduinobot_ws/src/arduinobot_py_examples' with build type 'ament_python'
[1.864s] Level 1:colcon.colcon_core.shell:create_environment_hook('arduinobot_py_examples', 'ament_prefix_path')
[1.890s] INFO:colcon.colcon_core.shell:Creating environment hook '/home/august/arduinobot_ws/install/arduinobot_py_examples/share/arduinobot_py_examples/hook/ament_prefix_path.ps1'
[1.891s] INFO:colcon.colcon_core.shell:Creating environment descriptor '/home/august/arduinobot_ws/install/arduinobot_py_examples/share/arduinobot_py_examples/hook/ament_prefix_path.dsv'
[1.891s] INFO:colcon.colcon_core.shell:Creating environment hook '/home/august/arduinobot_ws/install/arduinobot_py_examples/share/arduinobot_py_examples/hook/ament_prefix_path.sh'
[1.916s] INFO:colcon.colcon_core.shell:Skip shell extension 'powershell' for command environment: Not usable outside of PowerShell
[1.916s] DEBUG:colcon.colcon_core.shell:Skip shell extension 'dsv' for command environment
[1.971s] DEBUG:colcon.colcon_core.event_handler.log_command:Invoking command in '/home/august/arduinobot_ws/build/arduinobot_cpp_examples': CMAKE_PREFIX_PATH=/opt/ros/foxy /usr/bin/cmake --build /home/august/arduinobot_ws/build/arduinobot_cpp_examples -- -j8 -l8
[1.975s] DEBUG:colcon.colcon_core.event_handler.log_command:Invoking command in '/home/august/arduinobot_ws/build/arduinobot_description': CMAKE_PREFIX_PATH=/opt/ros/foxy /usr/bin/cmake --build /home/august/arduinobot_ws/build/arduinobot_description -- -j8 -l8
[2.120s] INFO:colcon.colcon_core.task.python.build:Building Python package in '/home/august/arduinobot_ws/src/arduinobot_py_examples'
[2.142s] INFO:colcon.colcon_core.shell:Skip shell extension 'powershell' for command environment: Not usable outside of PowerShell
[2.143s] DEBUG:colcon.colcon_core.shell:Skip shell extension 'dsv' for command environment
[2.194s] DEBUG:colcon.colcon_core.event_handler.log_command:Invoked command in '/home/august/arduinobot_ws/build/arduinobot_cpp_examples' returned '0': CMAKE_PREFIX_PATH=/opt/ros/foxy /usr/bin/cmake --build /home/august/arduinobot_ws/build/arduinobot_cpp_examples -- -j8 -l8
[2.196s] DEBUG:colcon.colcon_core.event_handler.log_command:Invoked command in '/home/august/arduinobot_ws/build/arduinobot_description' returned '0': CMAKE_PREFIX_PATH=/opt/ros/foxy /usr/bin/cmake --build /home/august/arduinobot_ws/build/arduinobot_description -- -j8 -l8
[2.220s] DEBUG:colcon.colcon_core.event_handler.log_command:Invoking command in '/home/august/arduinobot_ws/build/arduinobot_cpp_examples': CMAKE_PREFIX_PATH=/opt/ros/foxy /usr/bin/cmake --install /home/august/arduinobot_ws/build/arduinobot_cpp_examples
[2.223s] DEBUG:colcon.colcon_core.event_handler.log_command:Invoking command in '/home/august/arduinobot_ws/build/arduinobot_description': CMAKE_PREFIX_PATH=/opt/ros/foxy /usr/bin/cmake --install /home/august/arduinobot_ws/build/arduinobot_description
[2.229s] Level 1:colcon.colcon_core.environment:create_environment_scripts_only(arduinobot_cpp_examples)
[2.229s] DEBUG:colcon.colcon_core.event_handler.log_command:Invoked command in '/home/august/arduinobot_ws/build/arduinobot_cpp_examples' returned '0': CMAKE_PREFIX_PATH=/opt/ros/foxy /usr/bin/cmake --install /home/august/arduinobot_ws/build/arduinobot_cpp_examples
[2.258s] Level 1:colcon.colcon_core.environment:checking '/home/august/arduinobot_ws/install/arduinobot_cpp_examples' for CMake module files
[2.258s] Level 1:colcon.colcon_core.environment:checking '/home/august/arduinobot_ws/install/arduinobot_cpp_examples' for CMake config files
[2.259s] Level 1:colcon.colcon_core.shell:create_environment_hook('arduinobot_cpp_examples', 'cmake_prefix_path')
[2.281s] INFO:colcon.colcon_core.shell:Creating environment hook '/home/august/arduinobot_ws/install/arduinobot_cpp_examples/share/arduinobot_cpp_examples/hook/cmake_prefix_path.ps1'
[2.282s] INFO:colcon.colcon_core.shell:Creating environment descriptor '/home/august/arduinobot_ws/install/arduinobot_cpp_examples/share/arduinobot_cpp_examples/hook/cmake_prefix_path.dsv'
[2.282s] INFO:colcon.colcon_core.shell:Creating environment hook '/home/august/arduinobot_ws/install/arduinobot_cpp_examples/share/arduinobot_cpp_examples/hook/cmake_prefix_path.sh'
[2.283s] Level 1:colcon.colcon_core.environment:checking '/home/august/arduinobot_ws/install/arduinobot_cpp_examples/lib'
[2.283s] Level 1:colcon.colcon_core.environment:checking '/home/august/arduinobot_ws/install/arduinobot_cpp_examples/bin'
[2.283s] Level 1:colcon.colcon_core.environment:checking '/home/august/arduinobot_ws/install/arduinobot_cpp_examples/lib/pkgconfig/arduinobot_cpp_examples.pc'
[2.283s] Level 1:colcon.colcon_core.environment:checking '/home/august/arduinobot_ws/install/arduinobot_cpp_examples/lib/python3.8/site-packages'
[2.283s] Level 1:colcon.colcon_core.environment:checking '/home/august/arduinobot_ws/install/arduinobot_cpp_examples/bin'
[2.305s] INFO:colcon.colcon_core.shell:Creating package script '/home/august/arduinobot_ws/install/arduinobot_cpp_examples/share/arduinobot_cpp_examples/package.ps1'
[2.306s] INFO:colcon.colcon_core.shell:Creating package descriptor '/home/august/arduinobot_ws/install/arduinobot_cpp_examples/share/arduinobot_cpp_examples/package.dsv'
[2.306s] INFO:colcon.colcon_core.shell:Creating package script '/home/august/arduinobot_ws/install/arduinobot_cpp_examples/share/arduinobot_cpp_examples/package.sh'
[2.307s] INFO:colcon.colcon_core.shell:Creating package script '/home/august/arduinobot_ws/install/arduinobot_cpp_examples/share/arduinobot_cpp_examples/package.bash'
[2.307s] INFO:colcon.colcon_core.shell:Creating package script '/home/august/arduinobot_ws/install/arduinobot_cpp_examples/share/arduinobot_cpp_examples/package.zsh'
[2.308s] Level 1:colcon.colcon_core.environment:create_file_with_runtime_dependencies(/home/august/arduinobot_ws/install/arduinobot_cpp_examples/share/colcon-core/packages/arduinobot_cpp_examples)
[2.310s] Level 1:colcon.colcon_core.environment:create_environment_scripts_only(arduinobot_description)
[2.311s] DEBUG:colcon.colcon_core.event_handler.log_command:Invoked command in '/home/august/arduinobot_ws/build/arduinobot_description' returned '0': CMAKE_PREFIX_PATH=/opt/ros/foxy /usr/bin/cmake --install /home/august/arduinobot_ws/build/arduinobot_description
[2.336s] Level 1:colcon.colcon_core.environment:checking '/home/august/arduinobot_ws/install/arduinobot_description' for CMake module files
[2.336s] Level 1:colcon.colcon_core.environment:checking '/home/august/arduinobot_ws/install/arduinobot_description' for CMake config files
[2.337s] Level 1:colcon.colcon_core.shell:create_environment_hook('arduinobot_description', 'cmake_prefix_path')
[2.360s] INFO:colcon.colcon_core.shell:Creating environment hook '/home/august/arduinobot_ws/install/arduinobot_description/share/arduinobot_description/hook/cmake_prefix_path.ps1'
[2.360s] INFO:colcon.colcon_core.shell:Creating environment descriptor '/home/august/arduinobot_ws/install/arduinobot_description/share/arduinobot_description/hook/cmake_prefix_path.dsv'
[2.361s] INFO:colcon.colcon_core.shell:Creating environment hook '/home/august/arduinobot_ws/install/arduinobot_description/share/arduinobot_description/hook/cmake_prefix_path.sh'
[2.361s] Level 1:colcon.colcon_core.environment:checking '/home/august/arduinobot_ws/install/arduinobot_description/bin'
[2.361s] Level 1:colcon.colcon_core.environment:checking '/home/august/arduinobot_ws/install/arduinobot_description/lib/pkgconfig/arduinobot_description.pc'
[2.361s] Level 1:colcon.colcon_core.environment:checking '/home/august/arduinobot_ws/install/arduinobot_description/lib/python3.8/site-packages'
[2.361s] Level 1:colcon.colcon_core.environment:checking '/home/august/arduinobot_ws/install/arduinobot_description/bin'
[2.385s] INFO:colcon.colcon_core.shell:Creating package script '/home/august/arduinobot_ws/install/arduinobot_description/share/arduinobot_description/package.ps1'
[2.386s] INFO:colcon.colcon_core.shell:Creating package descriptor '/home/august/arduinobot_ws/install/arduinobot_description/share/arduinobot_description/package.dsv'
[2.386s] INFO:colcon.colcon_core.shell:Creating package script '/home/august/arduinobot_ws/install/arduinobot_description/share/arduinobot_description/package.sh'
[2.386s] INFO:colcon.colcon_core.shell:Creating package script '/home/august/arduinobot_ws/install/arduinobot_description/share/arduinobot_description/package.bash'
[2.387s] INFO:colcon.colcon_core.shell:Creating package script '/home/august/arduinobot_ws/install/arduinobot_description/share/arduinobot_description/package.zsh'
[2.387s] Level 1:colcon.colcon_core.environment:create_file_with_runtime_dependencies(/home/august/arduinobot_ws/install/arduinobot_description/share/colcon-core/packages/arduinobot_description)
[2.415s] Level 1:colcon.colcon_core.environment:create_environment_scripts_only(arduinobot_cpp_examples)
[2.438s] Level 1:colcon.colcon_core.environment:checking '/home/august/arduinobot_ws/install/arduinobot_cpp_examples' for CMake module files
[2.438s] Level 1:colcon.colcon_core.environment:checking '/home/august/arduinobot_ws/install/arduinobot_cpp_examples' for CMake config files
[2.438s] Level 1:colcon.colcon_core.shell:create_environment_hook('arduinobot_cpp_examples', 'cmake_prefix_path')
[2.463s] INFO:colcon.colcon_core.shell:Creating environment hook '/home/august/arduinobot_ws/install/arduinobot_cpp_examples/share/arduinobot_cpp_examples/hook/cmake_prefix_path.ps1'
[2.463s] INFO:colcon.colcon_core.shell:Creating environment descriptor '/home/august/arduinobot_ws/install/arduinobot_cpp_examples/share/arduinobot_cpp_examples/hook/cmake_prefix_path.dsv'
[2.464s] INFO:colcon.colcon_core.shell:Creating environment hook '/home/august/arduinobot_ws/install/arduinobot_cpp_examples/share/arduinobot_cpp_examples/hook/cmake_prefix_path.sh'
[2.464s] Level 1:colcon.colcon_core.environment:checking '/home/august/arduinobot_ws/install/arduinobot_cpp_examples/lib'
[2.464s] Level 1:colcon.colcon_core.environment:checking '/home/august/arduinobot_ws/install/arduinobot_cpp_examples/bin'
[2.464s] Level 1:colcon.colcon_core.environment:checking '/home/august/arduinobot_ws/install/arduinobot_cpp_examples/lib/pkgconfig/arduinobot_cpp_examples.pc'
[2.464s] Level 1:colcon.colcon_core.environment:checking '/home/august/arduinobot_ws/install/arduinobot_cpp_examples/lib/python3.8/site-packages'
[2.464s] Level 1:colcon.colcon_core.environment:checking '/home/august/arduinobot_ws/install/arduinobot_cpp_examples/bin'
[2.487s] INFO:colcon.colcon_core.shell:Creating package script '/home/august/arduinobot_ws/install/arduinobot_cpp_examples/share/arduinobot_cpp_examples/package.ps1'
[2.487s] INFO:colcon.colcon_core.shell:Creating package descriptor '/home/august/arduinobot_ws/install/arduinobot_cpp_examples/share/arduinobot_cpp_examples/package.dsv'
[2.488s] INFO:colcon.colcon_core.shell:Creating package script '/home/august/arduinobot_ws/install/arduinobot_cpp_examples/share/arduinobot_cpp_examples/package.sh'
[2.488s] INFO:colcon.colcon_core.shell:Creating package script '/home/august/arduinobot_ws/install/arduinobot_cpp_examples/share/arduinobot_cpp_examples/package.bash'
[2.488s] INFO:colcon.colcon_core.shell:Creating package script '/home/august/arduinobot_ws/install/arduinobot_cpp_examples/share/arduinobot_cpp_examples/package.zsh'
[2.488s] Level 1:colcon.colcon_core.environment:create_file_with_runtime_dependencies(/home/august/arduinobot_ws/install/arduinobot_cpp_examples/share/colcon-core/packages/arduinobot_cpp_examples)
[2.522s] Level 1:colcon.colcon_core.environment:create_environment_scripts_only(arduinobot_description)
[2.545s] Level 1:colcon.colcon_core.environment:checking '/home/august/arduinobot_ws/install/arduinobot_description' for CMake module files
[2.545s] Level 1:colcon.colcon_core.environment:checking '/home/august/arduinobot_ws/install/arduinobot_description' for CMake config files
[2.545s] Level 1:colcon.colcon_core.shell:create_environment_hook('arduinobot_description', 'cmake_prefix_path')
[2.569s] INFO:colcon.colcon_core.shell:Creating environment hook '/home/august/arduinobot_ws/install/arduinobot_description/share/arduinobot_description/hook/cmake_prefix_path.ps1'
[2.570s] INFO:colcon.colcon_core.shell:Creating environment descriptor '/home/august/arduinobot_ws/install/arduinobot_description/share/arduinobot_description/hook/cmake_prefix_path.dsv'
[2.570s] INFO:colcon.colcon_core.shell:Creating environment hook '/home/august/arduinobot_ws/install/arduinobot_description/share/arduinobot_description/hook/cmake_prefix_path.sh'
[2.571s] Level 1:colcon.colcon_core.environment:checking '/home/august/arduinobot_ws/install/arduinobot_description/bin'
[2.571s] Level 1:colcon.colcon_core.environment:checking '/home/august/arduinobot_ws/install/arduinobot_description/lib/pkgconfig/arduinobot_description.pc'
[2.571s] Level 1:colcon.colcon_core.environment:checking '/home/august/arduinobot_ws/install/arduinobot_description/lib/python3.8/site-packages'
[2.571s] Level 1:colcon.colcon_core.environment:checking '/home/august/arduinobot_ws/install/arduinobot_description/bin'
[2.593s] INFO:colcon.colcon_core.shell:Creating package script '/home/august/arduinobot_ws/install/arduinobot_description/share/arduinobot_description/package.ps1'
[2.593s] INFO:colcon.colcon_core.shell:Creating package descriptor '/home/august/arduinobot_ws/install/arduinobot_description/share/arduinobot_description/package.dsv'
[2.593s] INFO:colcon.colcon_core.shell:Creating package script '/home/august/arduinobot_ws/install/arduinobot_description/share/arduinobot_description/package.sh'
[2.594s] INFO:colcon.colcon_core.shell:Creating package script '/home/august/arduinobot_ws/install/arduinobot_description/share/arduinobot_description/package.bash'
[2.594s] INFO:colcon.colcon_core.shell:Creating package script '/home/august/arduinobot_ws/install/arduinobot_description/share/arduinobot_description/package.zsh'
[2.594s] Level 1:colcon.colcon_core.environment:create_file_with_runtime_dependencies(/home/august/arduinobot_ws/install/arduinobot_description/share/colcon-core/packages/arduinobot_description)
[2.598s] DEBUG:colcon.colcon_core.event_handler.log_command:Invoking command in '/home/august/arduinobot_ws/src/arduinobot_py_examples': PYTHONPATH=/home/august/arduinobot_ws/build/arduinobot_py_examples/prefix_override:/home/august/arduinobot_ws/install/arduinobot_py_examples/lib/python3.8/site-packages:${PYTHONPATH} /usr/bin/python3 setup.py egg_info --egg-base ../../build/arduinobot_py_examples build --build-base /home/august/arduinobot_ws/build/arduinobot_py_examples/build install --record /home/august/arduinobot_ws/build/arduinobot_py_examples/install.log --install-scripts $base/lib/arduinobot_py_examples --single-version-externally-managed
[2.788s] DEBUG:colcon.colcon_core.event_handler.log_command:Invoked command in '/home/august/arduinobot_ws/src/arduinobot_py_examples' returned '0': PYTHONPATH=/home/august/arduinobot_ws/build/arduinobot_py_examples/prefix_override:/home/august/arduinobot_ws/install/arduinobot_py_examples/lib/python3.8/site-packages:${PYTHONPATH} /usr/bin/python3 setup.py egg_info --egg-base ../../build/arduinobot_py_examples build --build-base /home/august/arduinobot_ws/build/arduinobot_py_examples/build install --record /home/august/arduinobot_ws/build/arduinobot_py_examples/install.log --install-scripts $base/lib/arduinobot_py_examples --single-version-externally-managed
[2.810s] Level 1:colcon.colcon_core.environment:checking '/home/august/arduinobot_ws/install/arduinobot_py_examples' for CMake module files
[2.811s] Level 1:colcon.colcon_core.environment:checking '/home/august/arduinobot_ws/install/arduinobot_py_examples' for CMake config files
[2.811s] Level 1:colcon.colcon_core.environment:checking '/home/august/arduinobot_ws/install/arduinobot_py_examples/lib'
[2.811s] Level 1:colcon.colcon_core.environment:checking '/home/august/arduinobot_ws/install/arduinobot_py_examples/bin'
[2.811s] Level 1:colcon.colcon_core.environment:checking '/home/august/arduinobot_ws/install/arduinobot_py_examples/lib/pkgconfig/arduinobot_py_examples.pc'
[2.811s] Level 1:colcon.colcon_core.environment:checking '/home/august/arduinobot_ws/install/arduinobot_py_examples/lib/python3.8/site-packages'
[2.811s] Level 1:colcon.colcon_core.shell:create_environment_hook('arduinobot_py_examples', 'pythonpath')
[2.833s] INFO:colcon.colcon_core.shell:Creating environment hook '/home/august/arduinobot_ws/install/arduinobot_py_examples/share/arduinobot_py_examples/hook/pythonpath.ps1'
[2.834s] INFO:colcon.colcon_core.shell:Creating environment descriptor '/home/august/arduinobot_ws/install/arduinobot_py_examples/share/arduinobot_py_examples/hook/pythonpath.dsv'
[2.834s] INFO:colcon.colcon_core.shell:Creating environment hook '/home/august/arduinobot_ws/install/arduinobot_py_examples/share/arduinobot_py_examples/hook/pythonpath.sh'
[2.835s] Level 1:colcon.colcon_core.environment:checking '/home/august/arduinobot_ws/install/arduinobot_py_examples/bin'
[2.835s] Level 1:colcon.colcon_core.environment:create_environment_scripts_only(arduinobot_py_examples)
[2.858s] INFO:colcon.colcon_core.shell:Creating package script '/home/august/arduinobot_ws/install/arduinobot_py_examples/share/arduinobot_py_examples/package.ps1'
[2.859s] INFO:colcon.colcon_core.shell:Creating package descriptor '/home/august/arduinobot_ws/install/arduinobot_py_examples/share/arduinobot_py_examples/package.dsv'
[2.859s] INFO:colcon.colcon_core.shell:Creating package script '/home/august/arduinobot_ws/install/arduinobot_py_examples/share/arduinobot_py_examples/package.sh'
[2.859s] INFO:colcon.colcon_core.shell:Creating package script '/home/august/arduinobot_ws/install/arduinobot_py_examples/share/arduinobot_py_examples/package.bash'
[2.860s] INFO:colcon.colcon_core.shell:Creating package script '/home/august/arduinobot_ws/install/arduinobot_py_examples/share/arduinobot_py_examples/package.zsh'
[2.860s] Level 1:colcon.colcon_core.environment:create_file_with_runtime_dependencies(/home/august/arduinobot_ws/install/arduinobot_py_examples/share/colcon-core/packages/arduinobot_py_examples)
[2.860s] DEBUG:colcon.colcon_parallel_executor.executor.parallel:closing loop
[2.860s] DEBUG:colcon.colcon_parallel_executor.executor.parallel:loop closed
[2.860s] DEBUG:colcon.colcon_parallel_executor.executor.parallel:run_until_complete finished with '0'
[2.860s] DEBUG:colcon.colcon_core.event_reactor:joining thread
[2.887s] INFO:colcon.colcon_core.plugin_system:Skipping extension 'colcon_notification.desktop_notification.terminal_notifier': Not used on non-Darwin systems
[2.887s] INFO:colcon.colcon_core.plugin_system:Skipping extension 'colcon_notification.desktop_notification.win32': Not used on non-Windows systems
[2.887s] INFO:colcon.colcon_notification.desktop_notification:Sending desktop notification using 'notify2'
[2.899s] DEBUG:colcon.colcon_core.event_reactor:joined thread
[2.923s] INFO:colcon.colcon_core.shell:Creating prefix script '/home/august/arduinobot_ws/install/local_setup.ps1'
[2.924s] INFO:colcon.colcon_core.shell:Creating prefix util module '/home/august/arduinobot_ws/install/_local_setup_util_ps1.py'
[2.925s] INFO:colcon.colcon_core.shell:Creating prefix chain script '/home/august/arduinobot_ws/install/setup.ps1'
[2.948s] INFO:colcon.colcon_core.shell:Creating prefix script '/home/august/arduinobot_ws/install/local_setup.sh'
[2.949s] INFO:colcon.colcon_core.shell:Creating prefix util module '/home/august/arduinobot_ws/install/_local_setup_util_sh.py'
[2.949s] INFO:colcon.colcon_core.shell:Creating prefix chain script '/home/august/arduinobot_ws/install/setup.sh'
[2.972s] INFO:colcon.colcon_core.shell:Creating prefix script '/home/august/arduinobot_ws/install/local_setup.bash'
[2.972s] INFO:colcon.colcon_core.shell:Creating prefix chain script '/home/august/arduinobot_ws/install/setup.bash'
[2.995s] INFO:colcon.colcon_core.shell:Creating prefix script '/home/august/arduinobot_ws/install/local_setup.zsh'
[2.996s] INFO:colcon.colcon_core.shell:Creating prefix chain script '/home/august/arduinobot_ws/install/setup.zsh'
