[0.635s] Invoking command in '/home/august/arduinobot_ws/src/arduinobot_py_examples': PYTHONPATH=/home/august/arduinobot_ws/build/arduinobot_py_examples/prefix_override:/home/august/arduinobot_ws/install/arduinobot_py_examples/lib/python3.8/site-packages:${PYTHONPATH} /usr/bin/python3 setup.py egg_info --egg-base ../../build/arduinobot_py_examples build --build-base /home/august/arduinobot_ws/build/arduinobot_py_examples/build install --record /home/august/arduinobot_ws/build/arduinobot_py_examples/install.log --install-scripts $base/lib/arduinobot_py_examples --single-version-externally-managed
[0.767s] running egg_info
[0.767s] writing ../../build/arduinobot_py_examples/arduinobot_py_examples.egg-info/PKG-INFO
[0.767s] writing dependency_links to ../../build/arduinobot_py_examples/arduinobot_py_examples.egg-info/dependency_links.txt
[0.768s] writing entry points to ../../build/arduinobot_py_examples/arduinobot_py_examples.egg-info/entry_points.txt
[0.768s] writing requirements to ../../build/arduinobot_py_examples/arduinobot_py_examples.egg-info/requires.txt
[0.768s] writing top-level names to ../../build/arduinobot_py_examples/arduinobot_py_examples.egg-info/top_level.txt
[0.790s] reading manifest file '../../build/arduinobot_py_examples/arduinobot_py_examples.egg-info/SOURCES.txt'
[0.791s] writing manifest file '../../build/arduinobot_py_examples/arduinobot_py_examples.egg-info/SOURCES.txt'
[0.791s] running build
[0.791s] running build_py
[0.791s] copying arduinobot_py_examples/simple_publisher.py -> /home/august/arduinobot_ws/build/arduinobot_py_examples/build/lib/arduinobot_py_examples
[0.791s] running install
[0.792s] running install_lib
[0.792s] copying /home/august/arduinobot_ws/build/arduinobot_py_examples/build/lib/arduinobot_py_examples/simple_publisher.py -> /home/august/arduinobot_ws/install/arduinobot_py_examples/lib/python3.8/site-packages/arduinobot_py_examples
[0.793s] byte-compiling /home/august/arduinobot_ws/install/arduinobot_py_examples/lib/python3.8/site-packages/arduinobot_py_examples/simple_publisher.py to simple_publisher.cpython-38.pyc
[0.794s] running install_data
[0.794s] copying package.xml -> /home/august/arduinobot_ws/install/arduinobot_py_examples/share/arduinobot_py_examples
[0.794s] running install_egg_info
[0.795s] removing '/home/august/arduinobot_ws/install/arduinobot_py_examples/lib/python3.8/site-packages/arduinobot_py_examples-0.0.0-py3.8.egg-info' (and everything under it)
[0.795s] Copying ../../build/arduinobot_py_examples/arduinobot_py_examples.egg-info to /home/august/arduinobot_ws/install/arduinobot_py_examples/lib/python3.8/site-packages/arduinobot_py_examples-0.0.0-py3.8.egg-info
[0.796s] running install_scripts
[0.807s] Installing simple_publisher script to /home/august/arduinobot_ws/install/arduinobot_py_examples/lib/arduinobot_py_examples
[0.807s] writing list of installed files to '/home/august/arduinobot_ws/build/arduinobot_py_examples/install.log'
[0.823s] Invoked command in '/home/august/arduinobot_ws/src/arduinobot_py_examples' returned '0': PYTHONPATH=/home/august/arduinobot_ws/build/arduinobot_py_examples/prefix_override:/home/august/arduinobot_ws/install/arduinobot_py_examples/lib/python3.8/site-packages:${PYTHONPATH} /usr/bin/python3 setup.py egg_info --egg-base ../../build/arduinobot_py_examples build --build-base /home/august/arduinobot_ws/build/arduinobot_py_examples/build install --record /home/august/arduinobot_ws/build/arduinobot_py_examples/install.log --install-scripts $base/lib/arduinobot_py_examples --single-version-externally-managed
