running egg_info
creating ../../build/arduinobot_py_examples/arduinobot_py_examples.egg-info
writing ../../build/arduinobot_py_examples/arduinobot_py_examples.egg-info/PKG-INFO
writing dependency_links to ../../build/arduinobot_py_examples/arduinobot_py_examples.egg-info/dependency_links.txt
writing entry points to ../../build/arduinobot_py_examples/arduinobot_py_examples.egg-info/entry_points.txt
writing requirements to ../../build/arduinobot_py_examples/arduinobot_py_examples.egg-info/requires.txt
writing top-level names to ../../build/arduinobot_py_examples/arduinobot_py_examples.egg-info/top_level.txt
writing manifest file '../../build/arduinobot_py_examples/arduinobot_py_examples.egg-info/SOURCES.txt'
reading manifest file '../../build/arduinobot_py_examples/arduinobot_py_examples.egg-info/SOURCES.txt'
writing manifest file '../../build/arduinobot_py_examples/arduinobot_py_examples.egg-info/SOURCES.txt'
running build
running build_py
creating /home/august/arduinobot_ws/build/arduinobot_py_examples/build
creating /home/august/arduinobot_ws/build/arduinobot_py_examples/build/lib
creating /home/august/arduinobot_ws/build/arduinobot_py_examples/build/lib/arduinobot_py_examples
copying arduinobot_py_examples/__init__.py -> /home/august/arduinobot_ws/build/arduinobot_py_examples/build/lib/arduinobot_py_examples
running install
running install_lib
creating /home/august/arduinobot_ws/install/arduinobot_py_examples/lib/python3.8/site-packages/arduinobot_py_examples
copying /home/august/arduinobot_ws/build/arduinobot_py_examples/build/lib/arduinobot_py_examples/__init__.py -> /home/august/arduinobot_ws/install/arduinobot_py_examples/lib/python3.8/site-packages/arduinobot_py_examples
byte-compiling /home/august/arduinobot_ws/install/arduinobot_py_examples/lib/python3.8/site-packages/arduinobot_py_examples/__init__.py to __init__.cpython-38.pyc
running install_data
creating /home/august/arduinobot_ws/install/arduinobot_py_examples/share/ament_index
creating /home/august/arduinobot_ws/install/arduinobot_py_examples/share/ament_index/resource_index
creating /home/august/arduinobot_ws/install/arduinobot_py_examples/share/ament_index/resource_index/packages
copying resource/arduinobot_py_examples -> /home/august/arduinobot_ws/install/arduinobot_py_examples/share/ament_index/resource_index/packages
copying package.xml -> /home/august/arduinobot_ws/install/arduinobot_py_examples/share/arduinobot_py_examples
running install_egg_info
Copying ../../build/arduinobot_py_examples/arduinobot_py_examples.egg-info to /home/august/arduinobot_ws/install/arduinobot_py_examples/lib/python3.8/site-packages/arduinobot_py_examples-0.0.0-py3.8.egg-info
running install_scripts
writing list of installed files to '/home/august/arduinobot_ws/build/arduinobot_py_examples/install.log'
