[0.299s] Invoking command in '/home/shivam/ros2_arduinobot/build/arduinobot_controller': CMAKE_PREFIX_PATH=/opt/ros/humble /usr/bin/cmake /home/shivam/ros2_arduinobot/src/arduinobot_controller -DCMAKE_INSTALL_PREFIX=/home/shivam/ros2_arduinobot/install/arduinobot_controller
[0.510s] -- The C compiler identification is GNU 11.4.0
[1.082s] -- The CXX compiler identification is GNU 11.4.0
[1.323s] -- Detecting C compiler ABI info
[1.660s] -- Detecting C compiler ABI info - done
[1.675s] -- Check for working C compiler: /usr/bin/cc - skipped
[1.675s] -- Detecting C compile features
[1.676s] -- Detecting C compile features - done
[1.682s] -- Detecting CXX compiler ABI info
[1.882s] -- Detecting CXX compiler ABI info - done
[1.892s] -- Check for working CXX compiler: /usr/bin/c++ - skipped
[1.893s] -- Detecting CXX compile features
[1.894s] -- Detecting CXX compile features - done
[1.900s] -- Found ament_cmake: 1.3.6 (/opt/ros/humble/share/ament_cmake/cmake)
[2.149s] -- Found Python3: /usr/bin/python3.10 (found version "3.10.12") found components: Interpreter 
[2.249s] -- Found ament_lint_auto: 0.12.9 (/opt/ros/humble/share/ament_lint_auto/cmake)
[2.347s] -- Added test 'copyright' to check source files copyright and LICENSE
[2.350s] -- Added test 'flake8' to check Python code syntax and style conventions
[2.351s] -- Added test 'lint_cmake' to check CMake code style
[2.352s] -- Added test 'pep257' to check Python code against some of the docstring style conventions in PEP 257
[2.353s] -- Added test 'xmllint' to check XML markup files
[2.355s] -- Configuring done
[2.358s] -- Generating done
[2.359s] -- Build files have been written to: /home/shivam/ros2_arduinobot/build/arduinobot_controller
[2.365s] Invoked command in '/home/shivam/ros2_arduinobot/build/arduinobot_controller' returned '0': CMAKE_PREFIX_PATH=/opt/ros/humble /usr/bin/cmake /home/shivam/ros2_arduinobot/src/arduinobot_controller -DCMAKE_INSTALL_PREFIX=/home/shivam/ros2_arduinobot/install/arduinobot_controller
[2.365s] Invoking command in '/home/shivam/ros2_arduinobot/build/arduinobot_controller': CMAKE_PREFIX_PATH=/opt/ros/humble /usr/bin/cmake --build /home/shivam/ros2_arduinobot/build/arduinobot_controller -- -j12 -l12
[2.402s] Invoked command in '/home/shivam/ros2_arduinobot/build/arduinobot_controller' returned '0': CMAKE_PREFIX_PATH=/opt/ros/humble /usr/bin/cmake --build /home/shivam/ros2_arduinobot/build/arduinobot_controller -- -j12 -l12
[2.448s] Invoking command in '/home/shivam/ros2_arduinobot/build/arduinobot_controller': CMAKE_PREFIX_PATH=/opt/ros/humble /usr/bin/cmake --install /home/shivam/ros2_arduinobot/build/arduinobot_controller
[2.461s] -- Install configuration: ""
[2.461s] -- Installing: /home/shivam/ros2_arduinobot/install/arduinobot_controller/share/arduinobot_controller/launch
[2.463s] -- Installing: /home/shivam/ros2_arduinobot/install/arduinobot_controller/share/arduinobot_controller/launch/controller.launch.py
[2.463s] -- Installing: /home/shivam/ros2_arduinobot/install/arduinobot_controller/share/arduinobot_controller/config
[2.465s] -- Installing: /home/shivam/ros2_arduinobot/install/arduinobot_controller/share/arduinobot_controller/config/arduinobot_controllers.yaml
[2.467s] -- Installing: /home/shivam/ros2_arduinobot/install/arduinobot_controller/share/ament_index/resource_index/package_run_dependencies/arduinobot_controller
[2.469s] -- Installing: /home/shivam/ros2_arduinobot/install/arduinobot_controller/share/ament_index/resource_index/parent_prefix_path/arduinobot_controller
[2.469s] -- Installing: /home/shivam/ros2_arduinobot/install/arduinobot_controller/share/arduinobot_controller/environment/ament_prefix_path.sh
[2.469s] -- Installing: /home/shivam/ros2_arduinobot/install/arduinobot_controller/share/arduinobot_controller/environment/ament_prefix_path.dsv
[2.469s] -- Installing: /home/shivam/ros2_arduinobot/install/arduinobot_controller/share/arduinobot_controller/environment/path.sh
[2.472s] -- Installing: /home/shivam/ros2_arduinobot/install/arduinobot_controller/share/arduinobot_controller/environment/path.dsv
[2.474s] -- Installing: /home/shivam/ros2_arduinobot/install/arduinobot_controller/share/arduinobot_controller/local_setup.bash
[2.474s] -- Installing: /home/shivam/ros2_arduinobot/install/arduinobot_controller/share/arduinobot_controller/local_setup.sh
[2.474s] -- Installing: /home/shivam/ros2_arduinobot/install/arduinobot_controller/share/arduinobot_controller/local_setup.zsh
[2.474s] -- Installing: /home/shivam/ros2_arduinobot/install/arduinobot_controller/share/arduinobot_controller/local_setup.dsv
[2.474s] -- Installing: /home/shivam/ros2_arduinobot/install/arduinobot_controller/share/arduinobot_controller/package.dsv
[2.474s] -- Installing: /home/shivam/ros2_arduinobot/install/arduinobot_controller/share/ament_index/resource_index/packages/arduinobot_controller
[2.474s] -- Installing: /home/shivam/ros2_arduinobot/install/arduinobot_controller/share/arduinobot_controller/cmake/arduinobot_controllerConfig.cmake
[2.474s] -- Installing: /home/shivam/ros2_arduinobot/install/arduinobot_controller/share/arduinobot_controller/cmake/arduinobot_controllerConfig-version.cmake
[2.474s] -- Installing: /home/shivam/ros2_arduinobot/install/arduinobot_controller/share/arduinobot_controller/package.xml
[2.476s] Invoked command in '/home/shivam/ros2_arduinobot/build/arduinobot_controller' returned '0': CMAKE_PREFIX_PATH=/opt/ros/humble /usr/bin/cmake --install /home/shivam/ros2_arduinobot/build/arduinobot_controller
